ELF Header:
  Magic:   7f 45 4c 46 02 01 01 00 00 00 00 00 00 00 00 00 
  Class:                             ELF64
  Data:                              2's complement, little endian
  Version:                           1 (current)
  OS/ABI:                            UNIX - System V
  ABI Version:                       0
  Type:                              EXEC (Executable file)
  Machine:                           Advanced Micro Devices X86-64
  Version:                           0x1
  Entry point address:               0x4005b0
  Start of program headers:          64 (bytes into file)
  Start of section headers:          8752 (bytes into file)
  Flags:                             0x0
  Size of this header:               64 (bytes)
  Size of program headers:           56 (bytes)
  Number of program headers:         9
  Size of section headers:           64 (bytes)
  Number of section headers:         36
  Section header string table index: 33

Section Headers:
  [Nr] Name              Type            Address          Off    Size   ES Flg Lk Inf Al
  [ 0]                   NULL            0000000000000000 000000 000000 00      0   0  0
  [ 1] .interp           PROGBITS        0000000000400238 000238 00001c 00   A  0   0  1
  [ 2] .note.ABI-tag     NOTE            0000000000400254 000254 000020 00   A  0   0  4
  [ 3] .note.gnu.build-id NOTE            0000000000400274 000274 000024 00   A  0   0  4
  [ 4] .gnu.hash         GNU_HASH        0000000000400298 000298 000038 00   A  5   0  8
  [ 5] .dynsym           DYNSYM          00000000004002d0 0002d0 000120 18   A  6   1  8
  [ 6] .dynstr           STRTAB          00000000004003f0 0003f0 0000d7 00   A  0   0  1
  [ 7] .gnu.version      VERSYM          00000000004004c8 0004c8 000018 02   A  5   0  2
  [ 8] .gnu.version_r    VERNEED         00000000004004e0 0004e0 000020 00   A  6   1  8
  [ 9] .rela.dyn         RELA            0000000000400500 000500 000018 18   A  5   0  8
  [10] .rela.plt         RELA            0000000000400518 000518 000030 18  AI  5  24  8
  [11] .init             PROGBITS        0000000000400548 000548 00001a 00  AX  0   0  4
  [12] .plt              PROGBITS        0000000000400570 000570 000030 10  AX  0   0 16
  [13] .plt.got          PROGBITS        00000000004005a0 0005a0 000008 00  AX  0   0  8
  [14] .text             PROGBITS        00000000004005b0 0005b0 000182 00  AX  0   0 16
  [15] .fini             PROGBITS        0000000000400734 000734 000009 00  AX  0   0  4
  [16] .rodata           PROGBITS        0000000000400740 000740 000010 00   A  0   0  8
  [17] .eh_frame_hdr     PROGBITS        0000000000400750 000750 000034 00   A  0   0  4
  [18] .eh_frame         PROGBITS        0000000000400788 000788 0000f4 00   A  0   0  8
  [19] .init_array       INIT_ARRAY      0000000000600df0 000df0 000008 00  WA  0   0  8
  [20] .fini_array       FINI_ARRAY      0000000000600df8 000df8 000008 00  WA  0   0  8
  [21] .jcr              PROGBITS        0000000000600e00 000e00 000008 00  WA  0   0  8
  [22] .dynamic          DYNAMIC         0000000000600e08 000e08 0001f0 10  WA  6   0  8
  [23] .got              PROGBITS        0000000000600ff8 000ff8 000008 08  WA  0   0  8
  [24] .got.plt          PROGBITS        0000000000601000 001000 000028 08  WA  0   0  8
  [25] .data             PROGBITS        0000000000601028 001028 000004 00  WA  0   0  1
  [26] .bss              NOBITS          000000000060102c 00102c 000004 00  WA  0   0  1
  [27] .comment          PROGBITS        0000000000000000 00102c 00005b 01  MS  0   0  1
  [28] .debug_aranges    PROGBITS        0000000000000000 001087 000030 00      0   0  1
  [29] .debug_info       PROGBITS        0000000000000000 0010b7 000321 00      0   0  1
  [30] .debug_abbrev     PROGBITS        0000000000000000 0013d8 0000e0 00      0   0  1
  [31] .debug_line       PROGBITS        0000000000000000 0014b8 0000c6 00      0   0  1
  [32] .debug_str        PROGBITS        0000000000000000 00157e 000299 01  MS  0   0  1
  [33] .shstrtab         STRTAB          0000000000000000 0020df 00014c 00      0   0  1
  [34] .symtab           SYMTAB          0000000000000000 001818 0006c0 18     35  52  8
  [35] .strtab           STRTAB          0000000000000000 001ed8 000207 00      0   0  1
Key to Flags:
  W (write), A (alloc), X (execute), M (merge), S (strings), l (large)
  I (info), L (link order), G (group), T (TLS), E (exclude), x (unknown)
  O (extra OS processing required) o (OS specific), p (processor specific)

There are no section groups in this file.

Program Headers:
  Type           Offset   VirtAddr           PhysAddr           FileSiz  MemSiz   Flg Align
  PHDR           0x000040 0x0000000000400040 0x0000000000400040 0x0001f8 0x0001f8 R E 0x8
  INTERP         0x000238 0x0000000000400238 0x0000000000400238 0x00001c 0x00001c R   0x1
      [Requesting program interpreter: /lib64/ld-linux-x86-64.so.2]
  LOAD           0x000000 0x0000000000400000 0x0000000000400000 0x00087c 0x00087c R E 0x200000
  LOAD           0x000df0 0x0000000000600df0 0x0000000000600df0 0x00023c 0x000240 RW  0x200000
  DYNAMIC        0x000e08 0x0000000000600e08 0x0000000000600e08 0x0001f0 0x0001f0 RW  0x8
  NOTE           0x000254 0x0000000000400254 0x0000000000400254 0x000044 0x000044 R   0x4
  GNU_EH_FRAME   0x000750 0x0000000000400750 0x0000000000400750 0x000034 0x000034 R   0x4
  GNU_STACK      0x000000 0x0000000000000000 0x0000000000000000 0x000000 0x000000 RW  0x10
  GNU_RELRO      0x000df0 0x0000000000600df0 0x0000000000600df0 0x000210 0x000210 R   0x1

 Section to Segment mapping:
  Segment Sections...
   00     
   01     .interp 
   02     .interp .note.ABI-tag .note.gnu.build-id .gnu.hash .dynsym .dynstr .gnu.version .gnu.version_r .rela.dyn .rela.plt .init .plt .plt.got .text .fini .rodata .eh_frame_hdr .eh_frame 
   03     .init_array .fini_array .jcr .dynamic .got .got.plt .data .bss 
   04     .dynamic 
   05     .note.ABI-tag .note.gnu.build-id 
   06     .eh_frame_hdr 
   07     
   08     .init_array .fini_array .jcr .dynamic .got 

Dynamic section at offset 0xe08 contains 26 entries:
  Tag        Type                         Name/Value
 0x0000000000000001 (NEEDED)             Shared library: [libhello.so]
 0x0000000000000001 (NEEDED)             Shared library: [libc.so.6]
 0x000000000000000f (RPATH)              Library rpath: [/home/pangwz/test/gnu/link/exp]
 0x000000000000000c (INIT)               0x400548
 0x000000000000000d (FINI)               0x400734
 0x0000000000000019 (INIT_ARRAY)         0x600df0
 0x000000000000001b (INIT_ARRAYSZ)       8 (bytes)
 0x000000000000001a (FINI_ARRAY)         0x600df8
 0x000000000000001c (FINI_ARRAYSZ)       8 (bytes)
 0x000000006ffffef5 (GNU_HASH)           0x400298
 0x0000000000000005 (STRTAB)             0x4003f0
 0x0000000000000006 (SYMTAB)             0x4002d0
 0x000000000000000a (STRSZ)              215 (bytes)
 0x000000000000000b (SYMENT)             24 (bytes)
 0x0000000000000015 (DEBUG)              0x0
 0x0000000000000003 (PLTGOT)             0x601000
 0x0000000000000002 (PLTRELSZ)           48 (bytes)
 0x0000000000000014 (PLTREL)             RELA
 0x0000000000000017 (JMPREL)             0x400518
 0x0000000000000007 (RELA)               0x400500
 0x0000000000000008 (RELASZ)             24 (bytes)
 0x0000000000000009 (RELAENT)            24 (bytes)
 0x000000006ffffffe (VERNEED)            0x4004e0
 0x000000006fffffff (VERNEEDNUM)         1
 0x000000006ffffff0 (VERSYM)             0x4004c8
 0x0000000000000000 (NULL)               0x0

Relocation section '.rela.dyn' at offset 0x500 contains 1 entries:
    Offset             Info             Type               Symbol's Value  Symbol's Name + Addend
0000000000600ff8  0000000400000006 R_X86_64_GLOB_DAT      0000000000000000 __gmon_start__ + 0

Relocation section '.rela.plt' at offset 0x518 contains 2 entries:
    Offset             Info             Type               Symbol's Value  Symbol's Name + Addend
0000000000601018  0000000200000007 R_X86_64_JUMP_SLOT     0000000000000000 print + 0
0000000000601020  0000000300000007 R_X86_64_JUMP_SLOT     0000000000000000 __libc_start_main@GLIBC_2.2.5 + 0

The decoding of unwind sections for machine type Advanced Micro Devices X86-64 is not currently supported.

Symbol table '.dynsym' contains 12 entries:
   Num:    Value          Size Type    Bind   Vis      Ndx Name
     0: 0000000000000000     0 NOTYPE  LOCAL  DEFAULT  UND 
     1: 0000000000000000     0 NOTYPE  WEAK   DEFAULT  UND _ITM_deregisterTMCloneTable
     2: 0000000000000000     0 FUNC    GLOBAL DEFAULT  UND print
     3: 0000000000000000     0 FUNC    GLOBAL DEFAULT  UND __libc_start_main@GLIBC_2.2.5 (2)
     4: 0000000000000000     0 NOTYPE  WEAK   DEFAULT  UND __gmon_start__
     5: 0000000000000000     0 NOTYPE  WEAK   DEFAULT  UND _Jv_RegisterClasses
     6: 0000000000000000     0 NOTYPE  WEAK   DEFAULT  UND _ITM_registerTMCloneTable
     7: 000000000060102c     0 NOTYPE  GLOBAL DEFAULT   25 _edata
     8: 0000000000601030     0 NOTYPE  GLOBAL DEFAULT   26 _end
     9: 000000000060102c     0 NOTYPE  GLOBAL DEFAULT   26 __bss_start
    10: 0000000000400548     0 FUNC    GLOBAL DEFAULT   11 _init
    11: 0000000000400734     0 FUNC    GLOBAL DEFAULT   15 _fini

Symbol table '.symtab' contains 72 entries:
   Num:    Value          Size Type    Bind   Vis      Ndx Name
     0: 0000000000000000     0 NOTYPE  LOCAL  DEFAULT  UND 
     1: 0000000000400238     0 SECTION LOCAL  DEFAULT    1 
     2: 0000000000400254     0 SECTION LOCAL  DEFAULT    2 
     3: 0000000000400274     0 SECTION LOCAL  DEFAULT    3 
     4: 0000000000400298     0 SECTION LOCAL  DEFAULT    4 
     5: 00000000004002d0     0 SECTION LOCAL  DEFAULT    5 
     6: 00000000004003f0     0 SECTION LOCAL  DEFAULT    6 
     7: 00000000004004c8     0 SECTION LOCAL  DEFAULT    7 
     8: 00000000004004e0     0 SECTION LOCAL  DEFAULT    8 
     9: 0000000000400500     0 SECTION LOCAL  DEFAULT    9 
    10: 0000000000400518     0 SECTION LOCAL  DEFAULT   10 
    11: 0000000000400548     0 SECTION LOCAL  DEFAULT   11 
    12: 0000000000400570     0 SECTION LOCAL  DEFAULT   12 
    13: 00000000004005a0     0 SECTION LOCAL  DEFAULT   13 
    14: 00000000004005b0     0 SECTION LOCAL  DEFAULT   14 
    15: 0000000000400734     0 SECTION LOCAL  DEFAULT   15 
    16: 0000000000400740     0 SECTION LOCAL  DEFAULT   16 
    17: 0000000000400750     0 SECTION LOCAL  DEFAULT   17 
    18: 0000000000400788     0 SECTION LOCAL  DEFAULT   18 
    19: 0000000000600df0     0 SECTION LOCAL  DEFAULT   19 
    20: 0000000000600df8     0 SECTION LOCAL  DEFAULT   20 
    21: 0000000000600e00     0 SECTION LOCAL  DEFAULT   21 
    22: 0000000000600e08     0 SECTION LOCAL  DEFAULT   22 
    23: 0000000000600ff8     0 SECTION LOCAL  DEFAULT   23 
    24: 0000000000601000     0 SECTION LOCAL  DEFAULT   24 
    25: 0000000000601028     0 SECTION LOCAL  DEFAULT   25 
    26: 000000000060102c     0 SECTION LOCAL  DEFAULT   26 
    27: 0000000000000000     0 SECTION LOCAL  DEFAULT   27 
    28: 0000000000000000     0 SECTION LOCAL  DEFAULT   28 
    29: 0000000000000000     0 SECTION LOCAL  DEFAULT   29 
    30: 0000000000000000     0 SECTION LOCAL  DEFAULT   30 
    31: 0000000000000000     0 SECTION LOCAL  DEFAULT   31 
    32: 0000000000000000     0 SECTION LOCAL  DEFAULT   32 
    33: 0000000000000000     0 FILE    LOCAL  DEFAULT  ABS crtstuff.c
    34: 0000000000600e00     0 OBJECT  LOCAL  DEFAULT   21 __JCR_LIST__
    35: 00000000004005e0     0 FUNC    LOCAL  DEFAULT   14 deregister_tm_clones
    36: 0000000000400620     0 FUNC    LOCAL  DEFAULT   14 register_tm_clones
    37: 0000000000400660     0 FUNC    LOCAL  DEFAULT   14 __do_global_dtors_aux
    38: 000000000060102c     1 OBJECT  LOCAL  DEFAULT   26 completed.6938
    39: 0000000000600df8     0 OBJECT  LOCAL  DEFAULT   20 __do_global_dtors_aux_fini_array_entry
    40: 0000000000400680     0 FUNC    LOCAL  DEFAULT   14 frame_dummy
    41: 0000000000600df0     0 OBJECT  LOCAL  DEFAULT   19 __frame_dummy_init_array_entry
    42: 0000000000000000     0 FILE    LOCAL  DEFAULT  ABS main.c
    43: 0000000000000000     0 FILE    LOCAL  DEFAULT  ABS crtstuff.c
    44: 0000000000400878     0 OBJECT  LOCAL  DEFAULT   18 __FRAME_END__
    45: 0000000000600e00     0 OBJECT  LOCAL  DEFAULT   21 __JCR_END__
    46: 0000000000000000     0 FILE    LOCAL  DEFAULT  ABS 
    47: 0000000000600df8     0 NOTYPE  LOCAL  DEFAULT   19 __init_array_end
    48: 0000000000600e08     0 OBJECT  LOCAL  DEFAULT   22 _DYNAMIC
    49: 0000000000600df0     0 NOTYPE  LOCAL  DEFAULT   19 __init_array_start
    50: 0000000000400750     0 NOTYPE  LOCAL  DEFAULT   17 __GNU_EH_FRAME_HDR
    51: 0000000000601000     0 OBJECT  LOCAL  DEFAULT   24 _GLOBAL_OFFSET_TABLE_
    52: 0000000000400730     2 FUNC    GLOBAL DEFAULT   14 __libc_csu_fini
    53: 0000000000000000     0 NOTYPE  WEAK   DEFAULT  UND _ITM_deregisterTMCloneTable
    54: 0000000000601028     0 NOTYPE  WEAK   DEFAULT   25 data_start
    55: 000000000060102c     0 NOTYPE  GLOBAL DEFAULT   25 _edata
    56: 0000000000400734     0 FUNC    GLOBAL DEFAULT   15 _fini
    57: 0000000000000000     0 FUNC    GLOBAL DEFAULT  UND print
    58: 0000000000000000     0 FUNC    GLOBAL DEFAULT  UND __libc_start_main@@GLIBC_2.2.5
    59: 0000000000601028     0 NOTYPE  GLOBAL DEFAULT   25 __data_start
    60: 0000000000000000     0 NOTYPE  WEAK   DEFAULT  UND __gmon_start__
    61: 0000000000400748     0 OBJECT  GLOBAL HIDDEN    16 __dso_handle
    62: 0000000000400740     4 OBJECT  GLOBAL DEFAULT   16 _IO_stdin_used
    63: 00000000004006c0   103 FUNC    GLOBAL DEFAULT   14 __libc_csu_init
    64: 0000000000601030     0 NOTYPE  GLOBAL DEFAULT   26 _end
    65: 00000000004005b0    42 FUNC    GLOBAL DEFAULT   14 _start
    66: 000000000060102c     0 NOTYPE  GLOBAL DEFAULT   26 __bss_start
    67: 00000000004006a6    21 FUNC    GLOBAL DEFAULT   14 main
    68: 0000000000000000     0 NOTYPE  WEAK   DEFAULT  UND _Jv_RegisterClasses
    69: 0000000000601030     0 OBJECT  GLOBAL HIDDEN    25 __TMC_END__
    70: 0000000000000000     0 NOTYPE  WEAK   DEFAULT  UND _ITM_registerTMCloneTable
    71: 0000000000400548     0 FUNC    GLOBAL DEFAULT   11 _init

Histogram for `.gnu.hash' bucket list length (total of 3 buckets):
 Length  Number     % of total  Coverage
      0  0          (  0.0%)
      1  1          ( 33.3%)     20.0%
      2  2          ( 66.7%)    100.0%

Version symbols section '.gnu.version' contains 12 entries:
 Addr: 00000000004004c8  Offset: 0x0004c8  Link: 5 (.dynsym)
  000:   0 (*local*)       0 (*local*)       0 (*local*)       2 (GLIBC_2.2.5)
  004:   0 (*local*)       0 (*local*)       0 (*local*)       1 (*global*)   
  008:   1 (*global*)      1 (*global*)      1 (*global*)      1 (*global*)   

Version needs section '.gnu.version_r' contains 1 entries:
 Addr: 0x00000000004004e0  Offset: 0x0004e0  Link: 6 (.dynstr)
  000000: Version: 1  File: libc.so.6  Cnt: 1
  0x0010:   Name: GLIBC_2.2.5  Flags: none  Version: 2

Displaying notes found at file offset 0x00000254 with length 0x00000020:
  Owner                 Data size	Description
  GNU                  0x00000010	NT_GNU_ABI_TAG (ABI version tag)
    OS: Linux, ABI: 2.6.32

Displaying notes found at file offset 0x00000274 with length 0x00000024:
  Owner                 Data size	Description
  GNU                  0x00000014	NT_GNU_BUILD_ID (unique build ID bitstring)
    Build ID: 5d379d44b925298acfc99559b04b7f488deba02f
