ELF Header:
  Magic:   7f 45 4c 46 02 01 01 00 00 00 00 00 00 00 00 00 
  Class:                             ELF64
  Data:                              2's complement, little endian
  Version:                           1 (current)
  OS/ABI:                            UNIX - System V
  ABI Version:                       0
  Type:                              EXEC (Executable file)
  Machine:                           Advanced Micro Devices X86-64
  Version:                           0x1
  Entry point address:               0x4004b0
  Start of program headers:          64 (bytes into file)
  Start of section headers:          3024 (bytes into file)
  Flags:                             0x0
  Size of this header:               64 (bytes)
  Size of program headers:           56 (bytes)
  Number of program headers:         8
  Size of section headers:           64 (bytes)
  Number of section headers:         28
  Section header string table index: 27

Section Headers:
  [Nr] Name              Type            Address          Off    Size   ES Flg Lk Inf Al
  [ 0]                   NULL            0000000000000000 000000 000000 00      0   0  0
  [ 1] .interp           PROGBITS        0000000000400200 000200 00001c 00   A  0   0  1
  [ 2] .note.ABI-tag     NOTE            000000000040021c 00021c 000020 00   A  0   0  4
  [ 3] .note.gnu.build-id NOTE            000000000040023c 00023c 000024 00   A  0   0  4
  [ 4] .gnu.hash         GNU_HASH        0000000000400260 000260 00001c 00   A  5   0  8
  [ 5] .dynsym           DYNSYM          0000000000400280 000280 0000a8 18   A  6   1  8
  [ 6] .dynstr           STRTAB          0000000000400328 000328 000051 00   A  0   0  1
  [ 7] .gnu.version      VERSYM          000000000040037a 00037a 00000e 02   A  5   0  2
  [ 8] .gnu.version_r    VERNEED         0000000000400388 000388 000020 00   A  6   1  8
  [ 9] .rela.dyn         RELA            00000000004003a8 0003a8 000018 18   A  5   0  8
  [10] .rela.plt         RELA            00000000004003c0 0003c0 000078 18   A  5  12  8
  [11] .init             PROGBITS        0000000000400438 000438 000018 00  AX  0   0  4
  [12] .plt              PROGBITS        0000000000400450 000450 000060 10  AX  0   0  4
  [13] .text             PROGBITS        00000000004004b0 0004b0 0002a8 00  AX  0   0 16
  [14] .fini             PROGBITS        0000000000400758 000758 00000e 00  AX  0   0  4
  [15] .rodata           PROGBITS        0000000000400768 000768 00006b 00   A  0   0  8
  [16] .eh_frame_hdr     PROGBITS        00000000004007d4 0007d4 00002c 00   A  0   0  4
  [17] .eh_frame         PROGBITS        0000000000400800 000800 0000a4 00   A  0   0  8
  [18] .ctors            PROGBITS        00000000006008a8 0008a8 000010 00  WA  0   0  8
  [19] .dtors            PROGBITS        00000000006008b8 0008b8 000010 00  WA  0   0  8
  [20] .jcr              PROGBITS        00000000006008c8 0008c8 000008 00  WA  0   0  8
  [21] .dynamic          DYNAMIC         00000000006008d0 0008d0 000190 10  WA  6   0  8
  [22] .got              PROGBITS        0000000000600a60 000a60 000008 08  WA  0   0  8
  [23] .got.plt          PROGBITS        0000000000600a68 000a68 000040 08  WA  0   0  8
  [24] .data             PROGBITS        0000000000600aa8 000aa8 00000c 00  WA  0   0  4
  [25] .bss              NOBITS          0000000000600ab8 000ab4 000018 00  WA  0   0  8
  [26] .comment          PROGBITS        0000000000000000 000ab4 00002d 01  MS  0   0  1
  [27] .shstrtab         STRTAB          0000000000000000 000ae1 0000ee 00      0   0  1
Key to Flags:
  W (write), A (alloc), X (execute), M (merge), S (strings)
  I (info), L (link order), G (group), x (unknown)
  O (extra OS processing required) o (OS specific), p (processor specific)

There are no section groups in this file.

Program Headers:
  Type           Offset   VirtAddr           PhysAddr           FileSiz  MemSiz   Flg Align
  PHDR           0x000040 0x0000000000400040 0x0000000000400040 0x0001c0 0x0001c0 R E 0x8
  INTERP         0x000200 0x0000000000400200 0x0000000000400200 0x00001c 0x00001c R   0x1
      [Requesting program interpreter: /lib64/ld-linux-x86-64.so.2]
  LOAD           0x000000 0x0000000000400000 0x0000000000400000 0x0008a4 0x0008a4 R E 0x200000
  LOAD           0x0008a8 0x00000000006008a8 0x00000000006008a8 0x00020c 0x000228 RW  0x200000
  DYNAMIC        0x0008d0 0x00000000006008d0 0x00000000006008d0 0x000190 0x000190 RW  0x8
  NOTE           0x00021c 0x000000000040021c 0x000000000040021c 0x000044 0x000044 R   0x4
  GNU_EH_FRAME   0x0007d4 0x00000000004007d4 0x00000000004007d4 0x00002c 0x00002c R   0x4
  GNU_STACK      0x000000 0x0000000000000000 0x0000000000000000 0x000000 0x000000 RW  0x8

 Section to Segment mapping:
  Segment Sections...
   00     
   01     .interp 
   02     .interp .note.ABI-tag .note.gnu.build-id .gnu.hash .dynsym .dynstr .gnu.version .gnu.version_r .rela.dyn .rela.plt .init .plt .text .fini .rodata .eh_frame_hdr .eh_frame 
   03     .ctors .dtors .jcr .dynamic .got .got.plt .data .bss 
   04     .dynamic 
   05     .note.ABI-tag .note.gnu.build-id 
   06     .eh_frame_hdr 
   07     

Dynamic section at offset 0x8d0 contains 20 entries:
  Tag        Type                         Name/Value
 0x0000000000000001 (NEEDED)             Shared library: [libc.so.6]
 0x000000000000000c (INIT)               0x400438
 0x000000000000000d (FINI)               0x400758
 0x000000006ffffef5 (GNU_HASH)           0x400260
 0x0000000000000005 (STRTAB)             0x400328
 0x0000000000000006 (SYMTAB)             0x400280
 0x000000000000000a (STRSZ)              81 (bytes)
 0x000000000000000b (SYMENT)             24 (bytes)
 0x0000000000000015 (DEBUG)              0x0
 0x0000000000000003 (PLTGOT)             0x600a68
 0x0000000000000002 (PLTRELSZ)           120 (bytes)
 0x0000000000000014 (PLTREL)             RELA
 0x0000000000000017 (JMPREL)             0x4003c0
 0x0000000000000007 (RELA)               0x4003a8
 0x0000000000000008 (RELASZ)             24 (bytes)
 0x0000000000000009 (RELAENT)            24 (bytes)
 0x000000006ffffffe (VERNEED)            0x400388
 0x000000006fffffff (VERNEEDNUM)         1
 0x000000006ffffff0 (VERSYM)             0x40037a
 0x0000000000000000 (NULL)               0x0

Relocation section '.rela.dyn' at offset 0x3a8 contains 1 entries:
    Offset             Info             Type               Symbol's Value  Symbol's Name + Addend
0000000000600a60  0000000200000006 R_X86_64_GLOB_DAT      0000000000000000 __gmon_start__ + 0

Relocation section '.rela.plt' at offset 0x3c0 contains 5 entries:
    Offset             Info             Type               Symbol's Value  Symbol's Name + Addend
0000000000600a80  0000000100000007 R_X86_64_JUMP_SLOT     0000000000000000 printf + 0
0000000000600a88  0000000300000007 R_X86_64_JUMP_SLOT     0000000000000000 puts + 0
0000000000600a90  0000000400000007 R_X86_64_JUMP_SLOT     0000000000000000 __libc_start_main + 0
0000000000600a98  0000000500000007 R_X86_64_JUMP_SLOT     0000000000000000 getpid + 0
0000000000600aa0  0000000600000007 R_X86_64_JUMP_SLOT     0000000000000000 sleep + 0

There are no unwind sections in this file.

Symbol table '.dynsym' contains 7 entries:
   Num:    Value          Size Type    Bind   Vis      Ndx Name
     0: 0000000000000000     0 NOTYPE  LOCAL  DEFAULT  UND 
     1: 0000000000000000     0 FUNC    GLOBAL DEFAULT  UND printf@GLIBC_2.2.5 (2)
     2: 0000000000000000     0 NOTYPE  WEAK   DEFAULT  UND __gmon_start__
     3: 0000000000000000     0 FUNC    GLOBAL DEFAULT  UND puts@GLIBC_2.2.5 (2)
     4: 0000000000000000     0 FUNC    GLOBAL DEFAULT  UND __libc_start_main@GLIBC_2.2.5 (2)
     5: 0000000000000000     0 FUNC    GLOBAL DEFAULT  UND getpid@GLIBC_2.2.5 (2)
     6: 0000000000000000     0 FUNC    GLOBAL DEFAULT  UND sleep@GLIBC_2.2.5 (2)

Version symbols section '.gnu.version' contains 7 entries:
 Addr: 000000000040037a  Offset: 0x00037a  Link: 5 (.dynsym)
  000:   0 (*local*)       2 (GLIBC_2.2.5)   0 (*local*)       2 (GLIBC_2.2.5)
  004:   2 (GLIBC_2.2.5)   2 (GLIBC_2.2.5)   2 (GLIBC_2.2.5)

Version needs section '.gnu.version_r' contains 1 entries:
 Addr: 0x0000000000400388  Offset: 0x000388  Link: 6 (.dynstr)
  000000: Version: 1  File: libc.so.6  Cnt: 1
  0x0010:   Name: GLIBC_2.2.5  Flags: none  Version: 2

Notes at offset 0x0000021c with length 0x00000020:
  Owner		Data size	Description
  GNU		0x00000010	NT_GNU_ABI_TAG (ABI version tag)

Notes at offset 0x0000023c with length 0x00000024:
  Owner		Data size	Description
  GNU		0x00000014	NT_GNU_BUILD_ID (unique build ID bitstring)
