ELF Header:
  Magic:   7f 45 4c 46 02 01 01 00 00 00 00 00 00 00 00 00 
  Class:                             ELF64
  Data:                              2's complement, little endian
  Version:                           1 (current)
  OS/ABI:                            UNIX - System V
  ABI Version:                       0
  Type:                              EXEC (Executable file)
  Machine:                           Advanced Micro Devices X86-64
  Version:                           0x1
  Entry point address:               0x400420
  Start of program headers:          64 (bytes into file)
  Start of section headers:          3784 (bytes into file)
  Flags:                             0x0
  Size of this header:               64 (bytes)
  Size of program headers:           56 (bytes)
  Number of program headers:         8
  Size of section headers:           64 (bytes)
  Number of section headers:         37
  Section header string table index: 34

Section Headers:
  [Nr] Name              Type            Address          Off    Size   ES Flg Lk Inf Al
  [ 0]                   NULL            0000000000000000 000000 000000 00      0   0  0
  [ 1] .interp           PROGBITS        0000000000400200 000200 00001c 00   A  0   0  1
  [ 2] .note.ABI-tag     NOTE            000000000040021c 00021c 000020 00   A  0   0  4
  [ 3] .note.gnu.build-id NOTE            000000000040023c 00023c 000024 00   A  0   0  4
  [ 4] .gnu.hash         GNU_HASH        0000000000400260 000260 00001c 00   A  5   0  8
  [ 5] .dynsym           DYNSYM          0000000000400280 000280 000078 18   A  6   1  8
  [ 6] .dynstr           STRTAB          00000000004002f8 0002f8 000044 00   A  0   0  1
  [ 7] .gnu.version      VERSYM          000000000040033c 00033c 00000a 02   A  5   0  2
  [ 8] .gnu.version_r    VERNEED         0000000000400348 000348 000020 00   A  6   1  8
  [ 9] .rela.dyn         RELA            0000000000400368 000368 000018 18   A  5   0  8
  [10] .rela.plt         RELA            0000000000400380 000380 000048 18   A  5  12  8
  [11] .init             PROGBITS        00000000004003c8 0003c8 000018 00  AX  0   0  4
  [12] .plt              PROGBITS        00000000004003e0 0003e0 000040 10  AX  0   0  4
  [13] .text             PROGBITS        0000000000400420 000420 000258 00  AX  0   0 16
  [14] .fini             PROGBITS        0000000000400678 000678 00000e 00  AX  0   0  4
  [15] .rodata           PROGBITS        0000000000400688 000688 000052 00   A  0   0  8
  [16] .eh_frame_hdr     PROGBITS        00000000004006dc 0006dc 00002c 00   A  0   0  4
  [17] .eh_frame         PROGBITS        0000000000400708 000708 0000a4 00   A  0   0  8
  [18] .ctors            PROGBITS        00000000006007b0 0007b0 000010 00  WA  0   0  8
  [19] .dtors            PROGBITS        00000000006007c0 0007c0 000010 00  WA  0   0  8
  [20] .jcr              PROGBITS        00000000006007d0 0007d0 000008 00  WA  0   0  8
  [21] .dynamic          DYNAMIC         00000000006007d8 0007d8 000190 10  WA  6   0  8
  [22] .got              PROGBITS        0000000000600968 000968 000008 08  WA  0   0  8
  [23] .got.plt          PROGBITS        0000000000600970 000970 000030 08  WA  0   0  8
  [24] .data             PROGBITS        00000000006009a0 0009a0 00000c 00  WA  0   0  4
  [25] .bss              NOBITS          00000000006009b0 0009ac 000018 00  WA  0   0  8
  [26] .comment          PROGBITS        0000000000000000 0009ac 00002d 01  MS  0   0  1
  [27] .debug_aranges    PROGBITS        0000000000000000 0009d9 000030 00      0   0  1
  [28] .debug_pubnames   PROGBITS        0000000000000000 000a09 00003c 00      0   0  1
  [29] .debug_info       PROGBITS        0000000000000000 000a45 00015c 00      0   0  1
  [30] .debug_abbrev     PROGBITS        0000000000000000 000ba1 00009b 00      0   0  1
  [31] .debug_line       PROGBITS        0000000000000000 000c3c 000048 00      0   0  1
  [32] .debug_str        PROGBITS        0000000000000000 000c84 0000cd 01  MS  0   0  1
  [33] .debug_pubtypes   PROGBITS        0000000000000000 000d51 000012 00      0   0  1
  [34] .shstrtab         STRTAB          0000000000000000 000d63 00015e 00      0   0  1
  [35] .symtab           SYMTAB          0000000000000000 001808 000738 18     36  55  8
  [36] .strtab           STRTAB          0000000000000000 001f40 000233 00      0   0  1
Key to Flags:
  W (write), A (alloc), X (execute), M (merge), S (strings)
  I (info), L (link order), G (group), x (unknown)
  O (extra OS processing required) o (OS specific), p (processor specific)

There are no section groups in this file.

Program Headers:
  Type           Offset   VirtAddr           PhysAddr           FileSiz  MemSiz   Flg Align
  PHDR           0x000040 0x0000000000400040 0x0000000000400040 0x0001c0 0x0001c0 R E 0x8
  INTERP         0x000200 0x0000000000400200 0x0000000000400200 0x00001c 0x00001c R   0x1
      [Requesting program interpreter: /lib64/ld-linux-x86-64.so.2]
  LOAD           0x000000 0x0000000000400000 0x0000000000400000 0x0007ac 0x0007ac R E 0x200000
  LOAD           0x0007b0 0x00000000006007b0 0x00000000006007b0 0x0001fc 0x000218 RW  0x200000
  DYNAMIC        0x0007d8 0x00000000006007d8 0x00000000006007d8 0x000190 0x000190 RW  0x8
  NOTE           0x00021c 0x000000000040021c 0x000000000040021c 0x000044 0x000044 R   0x4
  GNU_EH_FRAME   0x0006dc 0x00000000004006dc 0x00000000004006dc 0x00002c 0x00002c R   0x4
  GNU_STACK      0x000000 0x0000000000000000 0x0000000000000000 0x000000 0x000000 RW  0x8

 Section to Segment mapping:
  Segment Sections...
   00     
   01     .interp 
   02     .interp .note.ABI-tag .note.gnu.build-id .gnu.hash .dynsym .dynstr .gnu.version .gnu.version_r .rela.dyn .rela.plt .init .plt .text .fini .rodata .eh_frame_hdr .eh_frame 
   03     .ctors .dtors .jcr .dynamic .got .got.plt .data .bss 
   04     .dynamic 
   05     .note.ABI-tag .note.gnu.build-id 
   06     .eh_frame_hdr 
   07     

Dynamic section at offset 0x7d8 contains 20 entries:
  Tag        Type                         Name/Value
 0x0000000000000001 (NEEDED)             Shared library: [libc.so.6]
 0x000000000000000c (INIT)               0x4003c8
 0x000000000000000d (FINI)               0x400678
 0x000000006ffffef5 (GNU_HASH)           0x400260
 0x0000000000000005 (STRTAB)             0x4002f8
 0x0000000000000006 (SYMTAB)             0x400280
 0x000000000000000a (STRSZ)              68 (bytes)
 0x000000000000000b (SYMENT)             24 (bytes)
 0x0000000000000015 (DEBUG)              0x0
 0x0000000000000003 (PLTGOT)             0x600970
 0x0000000000000002 (PLTRELSZ)           72 (bytes)
 0x0000000000000014 (PLTREL)             RELA
 0x0000000000000017 (JMPREL)             0x400380
 0x0000000000000007 (RELA)               0x400368
 0x0000000000000008 (RELASZ)             24 (bytes)
 0x0000000000000009 (RELAENT)            24 (bytes)
 0x000000006ffffffe (VERNEED)            0x400348
 0x000000006fffffff (VERNEEDNUM)         1
 0x000000006ffffff0 (VERSYM)             0x40033c
 0x0000000000000000 (NULL)               0x0

Relocation section '.rela.dyn' at offset 0x368 contains 1 entries:
    Offset             Info             Type               Symbol's Value  Symbol's Name + Addend
0000000000600968  0000000200000006 R_X86_64_GLOB_DAT      0000000000000000 __gmon_start__ + 0

Relocation section '.rela.plt' at offset 0x380 contains 3 entries:
    Offset             Info             Type               Symbol's Value  Symbol's Name + Addend
0000000000600988  0000000100000007 R_X86_64_JUMP_SLOT     0000000000000000 printf + 0
0000000000600990  0000000300000007 R_X86_64_JUMP_SLOT     0000000000000000 puts + 0
0000000000600998  0000000400000007 R_X86_64_JUMP_SLOT     0000000000000000 __libc_start_main + 0

There are no unwind sections in this file.

Symbol table '.dynsym' contains 5 entries:
   Num:    Value          Size Type    Bind   Vis      Ndx Name
     0: 0000000000000000     0 NOTYPE  LOCAL  DEFAULT  UND 
     1: 0000000000000000     0 FUNC    GLOBAL DEFAULT  UND printf@GLIBC_2.2.5 (2)
     2: 0000000000000000     0 NOTYPE  WEAK   DEFAULT  UND __gmon_start__
     3: 0000000000000000     0 FUNC    GLOBAL DEFAULT  UND puts@GLIBC_2.2.5 (2)
     4: 0000000000000000     0 FUNC    GLOBAL DEFAULT  UND __libc_start_main@GLIBC_2.2.5 (2)

Symbol table '.symtab' contains 77 entries:
   Num:    Value          Size Type    Bind   Vis      Ndx Name
     0: 0000000000000000     0 NOTYPE  LOCAL  DEFAULT  UND 
     1: 0000000000400200     0 SECTION LOCAL  DEFAULT    1 
     2: 000000000040021c     0 SECTION LOCAL  DEFAULT    2 
     3: 000000000040023c     0 SECTION LOCAL  DEFAULT    3 
     4: 0000000000400260     0 SECTION LOCAL  DEFAULT    4 
     5: 0000000000400280     0 SECTION LOCAL  DEFAULT    5 
     6: 00000000004002f8     0 SECTION LOCAL  DEFAULT    6 
     7: 000000000040033c     0 SECTION LOCAL  DEFAULT    7 
     8: 0000000000400348     0 SECTION LOCAL  DEFAULT    8 
     9: 0000000000400368     0 SECTION LOCAL  DEFAULT    9 
    10: 0000000000400380     0 SECTION LOCAL  DEFAULT   10 
    11: 00000000004003c8     0 SECTION LOCAL  DEFAULT   11 
    12: 00000000004003e0     0 SECTION LOCAL  DEFAULT   12 
    13: 0000000000400420     0 SECTION LOCAL  DEFAULT   13 
    14: 0000000000400678     0 SECTION LOCAL  DEFAULT   14 
    15: 0000000000400688     0 SECTION LOCAL  DEFAULT   15 
    16: 00000000004006dc     0 SECTION LOCAL  DEFAULT   16 
    17: 0000000000400708     0 SECTION LOCAL  DEFAULT   17 
    18: 00000000006007b0     0 SECTION LOCAL  DEFAULT   18 
    19: 00000000006007c0     0 SECTION LOCAL  DEFAULT   19 
    20: 00000000006007d0     0 SECTION LOCAL  DEFAULT   20 
    21: 00000000006007d8     0 SECTION LOCAL  DEFAULT   21 
    22: 0000000000600968     0 SECTION LOCAL  DEFAULT   22 
    23: 0000000000600970     0 SECTION LOCAL  DEFAULT   23 
    24: 00000000006009a0     0 SECTION LOCAL  DEFAULT   24 
    25: 00000000006009b0     0 SECTION LOCAL  DEFAULT   25 
    26: 0000000000000000     0 SECTION LOCAL  DEFAULT   26 
    27: 0000000000000000     0 SECTION LOCAL  DEFAULT   27 
    28: 0000000000000000     0 SECTION LOCAL  DEFAULT   28 
    29: 0000000000000000     0 SECTION LOCAL  DEFAULT   29 
    30: 0000000000000000     0 SECTION LOCAL  DEFAULT   30 
    31: 0000000000000000     0 SECTION LOCAL  DEFAULT   31 
    32: 0000000000000000     0 SECTION LOCAL  DEFAULT   32 
    33: 0000000000000000     0 SECTION LOCAL  DEFAULT   33 
    34: 000000000040044c     0 FUNC    LOCAL  DEFAULT   13 call_gmon_start
    35: 0000000000000000     0 FILE    LOCAL  DEFAULT  ABS crtstuff.c
    36: 00000000006007b0     0 OBJECT  LOCAL  DEFAULT   18 __CTOR_LIST__
    37: 00000000006007c0     0 OBJECT  LOCAL  DEFAULT   19 __DTOR_LIST__
    38: 00000000006007d0     0 OBJECT  LOCAL  DEFAULT   20 __JCR_LIST__
    39: 0000000000400470     0 FUNC    LOCAL  DEFAULT   13 __do_global_dtors_aux
    40: 00000000006009b0     1 OBJECT  LOCAL  DEFAULT   25 completed.6349
    41: 00000000006009b8     8 OBJECT  LOCAL  DEFAULT   25 dtor_idx.6351
    42: 00000000004004e0     0 FUNC    LOCAL  DEFAULT   13 frame_dummy
    43: 0000000000000000     0 FILE    LOCAL  DEFAULT  ABS crtstuff.c
    44: 00000000006007b8     0 OBJECT  LOCAL  DEFAULT   18 __CTOR_END__
    45: 00000000004007a8     0 OBJECT  LOCAL  DEFAULT   17 __FRAME_END__
    46: 00000000006007d0     0 OBJECT  LOCAL  DEFAULT   20 __JCR_END__
    47: 0000000000400640     0 FUNC    LOCAL  DEFAULT   13 __do_global_ctors_aux
    48: 0000000000000000     0 FILE    LOCAL  DEFAULT  ABS main.c
    49: 00000000006009a8     4 OBJECT  LOCAL  DEFAULT   24 sVar.2061
    50: 00000000006009c0     4 OBJECT  LOCAL  DEFAULT   25 sVarUninit.2062
    51: 0000000000600970     0 OBJECT  LOCAL  DEFAULT   23 _GLOBAL_OFFSET_TABLE_
    52: 00000000006007ac     0 NOTYPE  LOCAL  DEFAULT   18 __init_array_end
    53: 00000000006007ac     0 NOTYPE  LOCAL  DEFAULT   18 __init_array_start
    54: 00000000006007d8     0 OBJECT  LOCAL  DEFAULT   21 _DYNAMIC
    55: 00000000006009a0     0 NOTYPE  WEAK   DEFAULT   24 data_start
    56: 0000000000000000     0 FUNC    GLOBAL DEFAULT  UND printf@@GLIBC_2.2.5
    57: 00000000006009a4     4 OBJECT  GLOBAL DEFAULT   24 gVar
    58: 00000000004005a0     2 FUNC    GLOBAL DEFAULT   13 __libc_csu_fini
    59: 0000000000400420     0 FUNC    GLOBAL DEFAULT   13 _start
    60: 0000000000000000     0 NOTYPE  WEAK   DEFAULT  UND __gmon_start__
    61: 0000000000000000     0 NOTYPE  WEAK   DEFAULT  UND _Jv_RegisterClasses
    62: 0000000000000000     0 FUNC    GLOBAL DEFAULT  UND puts@@GLIBC_2.2.5
    63: 0000000000400678     0 FUNC    GLOBAL DEFAULT   14 _fini
    64: 0000000000000000     0 FUNC    GLOBAL DEFAULT  UND __libc_start_main@@GLIBC_2.2.5
    65: 00000000006009c4     4 OBJECT  GLOBAL DEFAULT   25 gVarUninit
    66: 0000000000400688     4 OBJECT  GLOBAL DEFAULT   15 _IO_stdin_used
    67: 00000000006009a0     0 NOTYPE  GLOBAL DEFAULT   24 __data_start
    68: 0000000000400690     0 OBJECT  GLOBAL HIDDEN    15 __dso_handle
    69: 00000000006007c8     0 OBJECT  GLOBAL HIDDEN    19 __DTOR_END__
    70: 00000000004005b0   137 FUNC    GLOBAL DEFAULT   13 __libc_csu_init
    71: 00000000006009ac     0 NOTYPE  GLOBAL DEFAULT  ABS __bss_start
    72: 0000000000400504    34 FUNC    GLOBAL DEFAULT   13 show
    73: 00000000006009c8     0 NOTYPE  GLOBAL DEFAULT  ABS _end
    74: 00000000006009ac     0 NOTYPE  GLOBAL DEFAULT  ABS _edata
    75: 0000000000400526   122 FUNC    GLOBAL DEFAULT   13 main
    76: 00000000004003c8     0 FUNC    GLOBAL DEFAULT   11 _init

Version symbols section '.gnu.version' contains 5 entries:
 Addr: 000000000040033c  Offset: 0x00033c  Link: 5 (.dynsym)
  000:   0 (*local*)       2 (GLIBC_2.2.5)   0 (*local*)       2 (GLIBC_2.2.5)
  004:   2 (GLIBC_2.2.5)

Version needs section '.gnu.version_r' contains 1 entries:
 Addr: 0x0000000000400348  Offset: 0x000348  Link: 6 (.dynstr)
  000000: Version: 1  File: libc.so.6  Cnt: 1
  0x0010:   Name: GLIBC_2.2.5  Flags: none  Version: 2

Notes at offset 0x0000021c with length 0x00000020:
  Owner		Data size	Description
  GNU		0x00000010	NT_GNU_ABI_TAG (ABI version tag)

Notes at offset 0x0000023c with length 0x00000024:
  Owner		Data size	Description
  GNU		0x00000014	NT_GNU_BUILD_ID (unique build ID bitstring)
