13c13
<   Start of section headers:          3720 (bytes into file)
---
>   Start of section headers:          2696 (bytes into file)
19,20c19,20
<   Number of section headers:         37
<   Section header string table index: 34
---
>   Number of section headers:         28
>   Section header string table index: 27
51,60c51
<   [27] .debug_aranges    PROGBITS        0000000000000000 000999 000030 00      0   0  1
<   [28] .debug_pubnames   PROGBITS        0000000000000000 0009c9 00003c 00      0   0  1
<   [29] .debug_info       PROGBITS        0000000000000000 000a05 00015c 00      0   0  1
<   [30] .debug_abbrev     PROGBITS        0000000000000000 000b61 00009b 00      0   0  1
<   [31] .debug_line       PROGBITS        0000000000000000 000bfc 000046 00      0   0  1
<   [32] .debug_str        PROGBITS        0000000000000000 000c42 0000d4 01  MS  0   0  1
<   [33] .debug_pubtypes   PROGBITS        0000000000000000 000d16 000012 00      0   0  1
<   [34] .shstrtab         STRTAB          0000000000000000 000d28 00015e 00      0   0  1
<   [35] .symtab           SYMTAB          0000000000000000 0017c8 000738 18     36  55  8
<   [36] .strtab           STRTAB          0000000000000000 001f00 000233 00      0   0  1
---
>   [27] .shstrtab         STRTAB          0000000000000000 000999 0000ee 00      0   0  1
134,213d124
< Symbol table '.symtab' contains 77 entries:
<    Num:    Value          Size Type    Bind   Vis      Ndx Name
<      0: 0000000000000000     0 NOTYPE  LOCAL  DEFAULT  UND 
<      1: 0000000000400200     0 SECTION LOCAL  DEFAULT    1 
<      2: 000000000040021c     0 SECTION LOCAL  DEFAULT    2 
<      3: 000000000040023c     0 SECTION LOCAL  DEFAULT    3 
<      4: 0000000000400260     0 SECTION LOCAL  DEFAULT    4 
<      5: 0000000000400280     0 SECTION LOCAL  DEFAULT    5 
<      6: 00000000004002f8     0 SECTION LOCAL  DEFAULT    6 
<      7: 000000000040033c     0 SECTION LOCAL  DEFAULT    7 
<      8: 0000000000400348     0 SECTION LOCAL  DEFAULT    8 
<      9: 0000000000400368     0 SECTION LOCAL  DEFAULT    9 
<     10: 0000000000400380     0 SECTION LOCAL  DEFAULT   10 
<     11: 00000000004003c8     0 SECTION LOCAL  DEFAULT   11 
<     12: 00000000004003e0     0 SECTION LOCAL  DEFAULT   12 
<     13: 0000000000400420     0 SECTION LOCAL  DEFAULT   13 
<     14: 0000000000400658     0 SECTION LOCAL  DEFAULT   14 
<     15: 0000000000400668     0 SECTION LOCAL  DEFAULT   15 
<     16: 00000000004006a4     0 SECTION LOCAL  DEFAULT   16 
<     17: 00000000004006d0     0 SECTION LOCAL  DEFAULT   17 
<     18: 0000000000600770     0 SECTION LOCAL  DEFAULT   18 
<     19: 0000000000600780     0 SECTION LOCAL  DEFAULT   19 
<     20: 0000000000600790     0 SECTION LOCAL  DEFAULT   20 
<     21: 0000000000600798     0 SECTION LOCAL  DEFAULT   21 
<     22: 0000000000600928     0 SECTION LOCAL  DEFAULT   22 
<     23: 0000000000600930     0 SECTION LOCAL  DEFAULT   23 
<     24: 0000000000600960     0 SECTION LOCAL  DEFAULT   24 
<     25: 0000000000600970     0 SECTION LOCAL  DEFAULT   25 
<     26: 0000000000000000     0 SECTION LOCAL  DEFAULT   26 
<     27: 0000000000000000     0 SECTION LOCAL  DEFAULT   27 
<     28: 0000000000000000     0 SECTION LOCAL  DEFAULT   28 
<     29: 0000000000000000     0 SECTION LOCAL  DEFAULT   29 
<     30: 0000000000000000     0 SECTION LOCAL  DEFAULT   30 
<     31: 0000000000000000     0 SECTION LOCAL  DEFAULT   31 
<     32: 0000000000000000     0 SECTION LOCAL  DEFAULT   32 
<     33: 0000000000000000     0 SECTION LOCAL  DEFAULT   33 
<     34: 000000000040044c     0 FUNC    LOCAL  DEFAULT   13 call_gmon_start
<     35: 0000000000000000     0 FILE    LOCAL  DEFAULT  ABS crtstuff.c
<     36: 0000000000600770     0 OBJECT  LOCAL  DEFAULT   18 __CTOR_LIST__
<     37: 0000000000600780     0 OBJECT  LOCAL  DEFAULT   19 __DTOR_LIST__
<     38: 0000000000600790     0 OBJECT  LOCAL  DEFAULT   20 __JCR_LIST__
<     39: 0000000000400470     0 FUNC    LOCAL  DEFAULT   13 __do_global_dtors_aux
<     40: 0000000000600970     1 OBJECT  LOCAL  DEFAULT   25 completed.6349
<     41: 0000000000600978     8 OBJECT  LOCAL  DEFAULT   25 dtor_idx.6351
<     42: 00000000004004e0     0 FUNC    LOCAL  DEFAULT   13 frame_dummy
<     43: 0000000000000000     0 FILE    LOCAL  DEFAULT  ABS crtstuff.c
<     44: 0000000000600778     0 OBJECT  LOCAL  DEFAULT   18 __CTOR_END__
<     45: 0000000000400768     0 OBJECT  LOCAL  DEFAULT   17 __FRAME_END__
<     46: 0000000000600790     0 OBJECT  LOCAL  DEFAULT   20 __JCR_END__
<     47: 0000000000400620     0 FUNC    LOCAL  DEFAULT   13 __do_global_ctors_aux
<     48: 0000000000000000     0 FILE    LOCAL  DEFAULT  ABS main.c
<     49: 0000000000600968     4 OBJECT  LOCAL  DEFAULT   24 sVar.2061
<     50: 0000000000600980     4 OBJECT  LOCAL  DEFAULT   25 sVarUninit.2062
<     51: 0000000000600930     0 OBJECT  LOCAL  DEFAULT   23 _GLOBAL_OFFSET_TABLE_
<     52: 000000000060076c     0 NOTYPE  LOCAL  DEFAULT   18 __init_array_end
<     53: 000000000060076c     0 NOTYPE  LOCAL  DEFAULT   18 __init_array_start
<     54: 0000000000600798     0 OBJECT  LOCAL  DEFAULT   21 _DYNAMIC
<     55: 0000000000600960     0 NOTYPE  WEAK   DEFAULT   24 data_start
<     56: 0000000000000000     0 FUNC    GLOBAL DEFAULT  UND printf@@GLIBC_2.2.5
<     57: 0000000000600964     4 OBJECT  GLOBAL DEFAULT   24 gVar
<     58: 0000000000400580     2 FUNC    GLOBAL DEFAULT   13 __libc_csu_fini
<     59: 0000000000400420     0 FUNC    GLOBAL DEFAULT   13 _start
<     60: 0000000000000000     0 NOTYPE  WEAK   DEFAULT  UND __gmon_start__
<     61: 0000000000000000     0 NOTYPE  WEAK   DEFAULT  UND _Jv_RegisterClasses
<     62: 0000000000000000     0 FUNC    GLOBAL DEFAULT  UND puts@@GLIBC_2.2.5
<     63: 0000000000400658     0 FUNC    GLOBAL DEFAULT   14 _fini
<     64: 0000000000000000     0 FUNC    GLOBAL DEFAULT  UND __libc_start_main@@GLIBC_2.2.5
<     65: 0000000000600984     4 OBJECT  GLOBAL DEFAULT   25 gVarUninit
<     66: 0000000000400668     4 OBJECT  GLOBAL DEFAULT   15 _IO_stdin_used
<     67: 0000000000600960     0 NOTYPE  GLOBAL DEFAULT   24 __data_start
<     68: 0000000000400670     0 OBJECT  GLOBAL HIDDEN    15 __dso_handle
<     69: 0000000000600788     0 OBJECT  GLOBAL HIDDEN    19 __DTOR_END__
<     70: 0000000000400590   137 FUNC    GLOBAL DEFAULT   13 __libc_csu_init
<     71: 000000000060096c     0 NOTYPE  GLOBAL DEFAULT  ABS __bss_start
<     72: 0000000000400504    34 FUNC    GLOBAL DEFAULT   13 show
<     73: 0000000000600988     0 NOTYPE  GLOBAL DEFAULT  ABS _end
<     74: 000000000060096c     0 NOTYPE  GLOBAL DEFAULT  ABS _edata
<     75: 0000000000400526    90 FUNC    GLOBAL DEFAULT   13 main
<     76: 00000000004003c8     0 FUNC    GLOBAL DEFAULT   11 _init
< 
