ssl_create_cipher_list() for 122 ciphers
	0: ECDH-RSA-AES256-GCM-SHA384 300c032 20 10
	1: ECDH-RSA-AES128-GCM-SHA256 300c031 20 10
	2: ECDHE-RSA-AES256-GCM-SHA384 300c030 80 1
	3: ECDHE-RSA-AES128-GCM-SHA256 300c02f 80 1
	4: ECDH-ECDSA-AES256-GCM-SHA384 300c02e 40 10
	5: ECDH-ECDSA-AES128-GCM-SHA256 300c02d 40 10
	6: ECDHE-ECDSA-AES256-GCM-SHA384 300c02c 80 40
	7: ECDHE-ECDSA-AES128-GCM-SHA256 300c02b 80 40
	8: ECDH-RSA-AES256-SHA384 300c02a 20 10
	9: ECDH-RSA-AES128-SHA256 300c029 20 10
	10: ECDHE-RSA-AES256-SHA384 300c028 80 1
	11: ECDHE-RSA-AES128-SHA256 300c027 80 1
	12: ECDH-ECDSA-AES256-SHA384 300c026 40 10
	13: ECDH-ECDSA-AES128-SHA256 300c025 40 10
	14: ECDHE-ECDSA-AES256-SHA384 300c024 80 40
	15: ECDHE-ECDSA-AES128-SHA256 300c023 80 40
	16: AECDH-AES256-SHA 300c019 80 4
	17: AECDH-AES128-SHA 300c018 80 4
	18: AECDH-DES-CBC3-SHA 300c017 80 4
	19: AECDH-RC4-SHA 300c016 80 4
	20: AECDH-NULL-SHA 300c015 80 4
	21: ECDHE-RSA-AES256-SHA 300c014 80 1
	22: ECDHE-RSA-AES128-SHA 300c013 80 1
	23: ECDHE-RSA-DES-CBC3-SHA 300c012 80 1
	24: ECDHE-RSA-RC4-SHA 300c011 80 1
	25: ECDHE-RSA-NULL-SHA 300c010 80 1
	26: ECDH-RSA-AES256-SHA 300c00f 20 10
	27: ECDH-RSA-AES128-SHA 300c00e 20 10
	28: ECDH-RSA-DES-CBC3-SHA 300c00d 20 10
	29: ECDH-RSA-RC4-SHA 300c00c 20 10
	30: ECDH-RSA-NULL-SHA 300c00b 20 10
	31: ECDHE-ECDSA-AES256-SHA 300c00a 80 40
	32: ECDHE-ECDSA-AES128-SHA 300c009 80 40
	33: ECDHE-ECDSA-DES-CBC3-SHA 300c008 80 40
	34: ECDHE-ECDSA-RC4-SHA 300c007 80 40
	35: ECDHE-ECDSA-NULL-SHA 300c006 80 40
	36: ECDH-ECDSA-AES256-SHA 300c005 40 10
	37: ECDH-ECDSA-AES128-SHA 300c004 40 10
	38: ECDH-ECDSA-DES-CBC3-SHA 300c003 40 10
	39: ECDH-ECDSA-RC4-SHA 300c002 40 10
	40: ECDH-ECDSA-NULL-SHA 300c001 40 10
	41: ADH-AES256-GCM-SHA384 30000a7 8 4
	42: ADH-AES128-GCM-SHA256 30000a6 8 4
	43: DH-DSS-AES256-GCM-SHA384 30000a5 4 8
	44: DH-DSS-AES128-GCM-SHA256 30000a4 4 8
	45: DHE-DSS-AES256-GCM-SHA384 30000a3 8 2
	46: DHE-DSS-AES128-GCM-SHA256 30000a2 8 2
	47: DH-RSA-AES256-GCM-SHA384 30000a1 2 8
	48: DH-RSA-AES128-GCM-SHA256 30000a0 2 8
	49: DHE-RSA-AES256-GCM-SHA384 300009f 8 1
	50: DHE-RSA-AES128-GCM-SHA256 300009e 8 1
	51: AES256-GCM-SHA384 300009d 1 1
	52: AES128-GCM-SHA256 300009c 1 1
	53: ADH-SEED-SHA 300009b 8 4
	54: DHE-RSA-SEED-SHA 300009a 8 1
	55: DHE-DSS-SEED-SHA 3000099 8 2
	56: DH-RSA-SEED-SHA 3000098 2 8
	57: DH-DSS-SEED-SHA 3000097 4 8
	58: SEED-SHA 3000096 1 1
	59: PSK-AES256-CBC-SHA 300008d 100 80
	60: PSK-AES128-CBC-SHA 300008c 100 80
	61: PSK-3DES-EDE-CBC-SHA 300008b 100 80
	62: PSK-RC4-SHA 300008a 100 80
	63: ADH-CAMELLIA256-SHA 3000089 8 4
	64: DHE-RSA-CAMELLIA256-SHA 3000088 8 1
	65: DHE-DSS-CAMELLIA256-SHA 3000087 8 2
	66: DH-RSA-CAMELLIA256-SHA 3000086 2 8
	67: DH-DSS-CAMELLIA256-SHA 3000085 4 8
	68: CAMELLIA256-SHA 3000084 1 1
	73: ADH-AES256-SHA256 300006d 8 4
	74: ADH-AES128-SHA256 300006c 8 4
	75: DHE-RSA-AES256-SHA256 300006b 8 1
	76: DHE-DSS-AES256-SHA256 300006a 8 2
	77: DH-RSA-AES256-SHA256 3000069 2 8
	78: DH-DSS-AES256-SHA256 3000068 4 8
	79: DHE-RSA-AES128-SHA256 3000067 8 1
	80: ADH-CAMELLIA128-SHA 3000046 8 4
	81: DHE-RSA-CAMELLIA128-SHA 3000045 8 1
	82: DHE-DSS-CAMELLIA128-SHA 3000044 8 2
	83: DH-RSA-CAMELLIA128-SHA 3000043 2 8
	84: DH-DSS-CAMELLIA128-SHA 3000042 4 8
	85: CAMELLIA128-SHA 3000041 1 1
	86: DHE-DSS-AES128-SHA256 3000040 8 2
	87: DH-RSA-AES128-SHA256 300003f 2 8
	88: DH-DSS-AES128-SHA256 300003e 4 8
	89: AES256-SHA256 300003d 1 1
	90: AES128-SHA256 300003c 1 1
	91: NULL-SHA256 300003b 1 1
	92: ADH-AES256-SHA 300003a 8 4
	93: DHE-RSA-AES256-SHA 3000039 8 1
	94: DHE-DSS-AES256-SHA 3000038 8 2
	95: DH-RSA-AES256-SHA 3000037 2 8
	96: DH-DSS-AES256-SHA 3000036 4 8
	97: AES256-SHA 3000035 1 1
	98: ADH-AES128-SHA 3000034 8 4
	99: DHE-RSA-AES128-SHA 3000033 8 1
	100: DHE-DSS-AES128-SHA 3000032 8 2
	101: DH-RSA-AES128-SHA 3000031 2 8
	102: DH-DSS-AES128-SHA 3000030 4 8
	103: AES128-SHA 300002f 1 1
	104: KRB5-IDEA-CBC-MD5 3000025 10 20
	105: KRB5-RC4-MD5 3000024 10 20
	106: KRB5-DES-CBC3-MD5 3000023 10 20
	107: KRB5-IDEA-CBC-SHA 3000021 10 20
	108: KRB5-RC4-SHA 3000020 10 20
	109: KRB5-DES-CBC3-SHA 300001f 10 20
	110: ADH-DES-CBC3-SHA 300001b 8 4
	111: ADH-RC4-MD5 3000018 8 4
	112: EDH-RSA-DES-CBC3-SHA 3000016 8 1
	113: EDH-DSS-DES-CBC3-SHA 3000013 8 2
	114: DH-RSA-DES-CBC3-SHA 3000010 2 8
	115: DH-DSS-DES-CBC3-SHA 300000d 4 8
	116: DES-CBC3-SHA 300000a 1 1
	117: IDEA-CBC-SHA 3000007 1 1
	118: RC4-SHA 3000005 1 1
	119: RC4-MD5 3000004 1 1
	120: NULL-SHA 3000002 1 1
	121: NULL-MD5 3000001 1 1
ssl_create_cipher_list() for 122 ciphers
	0: ECDH-RSA-AES256-GCM-SHA384 300c032 20 10
	1: ECDH-RSA-AES128-GCM-SHA256 300c031 20 10
	2: ECDHE-RSA-AES256-GCM-SHA384 300c030 80 1
	3: ECDHE-RSA-AES128-GCM-SHA256 300c02f 80 1
	4: ECDH-ECDSA-AES256-GCM-SHA384 300c02e 40 10
	5: ECDH-ECDSA-AES128-GCM-SHA256 300c02d 40 10
	6: ECDHE-ECDSA-AES256-GCM-SHA384 300c02c 80 40
	7: ECDHE-ECDSA-AES128-GCM-SHA256 300c02b 80 40
	8: ECDH-RSA-AES256-SHA384 300c02a 20 10
	9: ECDH-RSA-AES128-SHA256 300c029 20 10
	10: ECDHE-RSA-AES256-SHA384 300c028 80 1
	11: ECDHE-RSA-AES128-SHA256 300c027 80 1
	12: ECDH-ECDSA-AES256-SHA384 300c026 40 10
	13: ECDH-ECDSA-AES128-SHA256 300c025 40 10
	14: ECDHE-ECDSA-AES256-SHA384 300c024 80 40
	15: ECDHE-ECDSA-AES128-SHA256 300c023 80 40
	16: AECDH-AES256-SHA 300c019 80 4
	17: AECDH-AES128-SHA 300c018 80 4
	18: AECDH-DES-CBC3-SHA 300c017 80 4
	19: AECDH-RC4-SHA 300c016 80 4
	20: AECDH-NULL-SHA 300c015 80 4
	21: ECDHE-RSA-AES256-SHA 300c014 80 1
	22: ECDHE-RSA-AES128-SHA 300c013 80 1
	23: ECDHE-RSA-DES-CBC3-SHA 300c012 80 1
	24: ECDHE-RSA-RC4-SHA 300c011 80 1
	25: ECDHE-RSA-NULL-SHA 300c010 80 1
	26: ECDH-RSA-AES256-SHA 300c00f 20 10
	27: ECDH-RSA-AES128-SHA 300c00e 20 10
	28: ECDH-RSA-DES-CBC3-SHA 300c00d 20 10
	29: ECDH-RSA-RC4-SHA 300c00c 20 10
	30: ECDH-RSA-NULL-SHA 300c00b 20 10
	31: ECDHE-ECDSA-AES256-SHA 300c00a 80 40
	32: ECDHE-ECDSA-AES128-SHA 300c009 80 40
	33: ECDHE-ECDSA-DES-CBC3-SHA 300c008 80 40
	34: ECDHE-ECDSA-RC4-SHA 300c007 80 40
	35: ECDHE-ECDSA-NULL-SHA 300c006 80 40
	36: ECDH-ECDSA-AES256-SHA 300c005 40 10
	37: ECDH-ECDSA-AES128-SHA 300c004 40 10
	38: ECDH-ECDSA-DES-CBC3-SHA 300c003 40 10
	39: ECDH-ECDSA-RC4-SHA 300c002 40 10
	40: ECDH-ECDSA-NULL-SHA 300c001 40 10
	41: ADH-AES256-GCM-SHA384 30000a7 8 4
	42: ADH-AES128-GCM-SHA256 30000a6 8 4
	43: DH-DSS-AES256-GCM-SHA384 30000a5 4 8
	44: DH-DSS-AES128-GCM-SHA256 30000a4 4 8
	45: DHE-DSS-AES256-GCM-SHA384 30000a3 8 2
	46: DHE-DSS-AES128-GCM-SHA256 30000a2 8 2
	47: DH-RSA-AES256-GCM-SHA384 30000a1 2 8
	48: DH-RSA-AES128-GCM-SHA256 30000a0 2 8
	49: DHE-RSA-AES256-GCM-SHA384 300009f 8 1
	50: DHE-RSA-AES128-GCM-SHA256 300009e 8 1
	51: AES256-GCM-SHA384 300009d 1 1
	52: AES128-GCM-SHA256 300009c 1 1
	53: ADH-SEED-SHA 300009b 8 4
	54: DHE-RSA-SEED-SHA 300009a 8 1
	55: DHE-DSS-SEED-SHA 3000099 8 2
	56: DH-RSA-SEED-SHA 3000098 2 8
	57: DH-DSS-SEED-SHA 3000097 4 8
	58: SEED-SHA 3000096 1 1
	59: PSK-AES256-CBC-SHA 300008d 100 80
	60: PSK-AES128-CBC-SHA 300008c 100 80
	61: PSK-3DES-EDE-CBC-SHA 300008b 100 80
	62: PSK-RC4-SHA 300008a 100 80
	63: ADH-CAMELLIA256-SHA 3000089 8 4
	64: DHE-RSA-CAMELLIA256-SHA 3000088 8 1
	65: DHE-DSS-CAMELLIA256-SHA 3000087 8 2
	66: DH-RSA-CAMELLIA256-SHA 3000086 2 8
	67: DH-DSS-CAMELLIA256-SHA 3000085 4 8
	68: CAMELLIA256-SHA 3000084 1 1
	73: ADH-AES256-SHA256 300006d 8 4
	74: ADH-AES128-SHA256 300006c 8 4
	75: DHE-RSA-AES256-SHA256 300006b 8 1
	76: DHE-DSS-AES256-SHA256 300006a 8 2
	77: DH-RSA-AES256-SHA256 3000069 2 8
	78: DH-DSS-AES256-SHA256 3000068 4 8
	79: DHE-RSA-AES128-SHA256 3000067 8 1
	80: ADH-CAMELLIA128-SHA 3000046 8 4
	81: DHE-RSA-CAMELLIA128-SHA 3000045 8 1
	82: DHE-DSS-CAMELLIA128-SHA 3000044 8 2
	83: DH-RSA-CAMELLIA128-SHA 3000043 2 8
	84: DH-DSS-CAMELLIA128-SHA 3000042 4 8
	85: CAMELLIA128-SHA 3000041 1 1
	86: DHE-DSS-AES128-SHA256 3000040 8 2
	87: DH-RSA-AES128-SHA256 300003f 2 8
	88: DH-DSS-AES128-SHA256 300003e 4 8
	89: AES256-SHA256 300003d 1 1
	90: AES128-SHA256 300003c 1 1
	91: NULL-SHA256 300003b 1 1
	92: ADH-AES256-SHA 300003a 8 4
	93: DHE-RSA-AES256-SHA 3000039 8 1
	94: DHE-DSS-AES256-SHA 3000038 8 2
	95: DH-RSA-AES256-SHA 3000037 2 8
	96: DH-DSS-AES256-SHA 3000036 4 8
	97: AES256-SHA 3000035 1 1
	98: ADH-AES128-SHA 3000034 8 4
	99: DHE-RSA-AES128-SHA 3000033 8 1
	100: DHE-DSS-AES128-SHA 3000032 8 2
	101: DH-RSA-AES128-SHA 3000031 2 8
	102: DH-DSS-AES128-SHA 3000030 4 8
	103: AES128-SHA 300002f 1 1
	104: KRB5-IDEA-CBC-MD5 3000025 10 20
	105: KRB5-RC4-MD5 3000024 10 20
	106: KRB5-DES-CBC3-MD5 3000023 10 20
	107: KRB5-IDEA-CBC-SHA 3000021 10 20
	108: KRB5-RC4-SHA 3000020 10 20
	109: KRB5-DES-CBC3-SHA 300001f 10 20
	110: ADH-DES-CBC3-SHA 300001b 8 4
	111: ADH-RC4-MD5 3000018 8 4
	112: EDH-RSA-DES-CBC3-SHA 3000016 8 1
	113: EDH-DSS-DES-CBC3-SHA 3000013 8 2
	114: DH-RSA-DES-CBC3-SHA 3000010 2 8
	115: DH-DSS-DES-CBC3-SHA 300000d 4 8
	116: DES-CBC3-SHA 300000a 1 1
	117: IDEA-CBC-SHA 3000007 1 1
	118: RC4-SHA 3000005 1 1
	119: RC4-MD5 3000004 1 1
	120: NULL-SHA 3000002 1 1
	121: NULL-MD5 3000001 1 1
tls1_enc(0)					#rowanPang: frame4,client hello
tls1_enc(1)					#frame6, server hello
tls1_enc(1)					#frame6, server certificate
tls1_enc(1)					#frame6, server hello done
tls1_enc(0)					#frame8,client key exchange
tls1_generate_master_secret(0x1885f60,0x18988d4, 0x1888826, 48)
tls1_generate_master_secret() complete
tls1_enc(0)					#frame8,client change cipher
tls1_setup_key_block()
tls1_generate_key_block() ==> 48 byte master_key =
	D6B121DD5B7EA0B09A594CB0013D7578EF1C8A7546037EDC4D007E9C9E78A8A07206EDBD54B8F4DC95A66DECF8B8D6E2
tls1_change_cipher_state(which= 33) w/
	alg= 1/1, comp= (nil)
	evp_cipher == 0x7f87ef970480 ==? &d_cbc_ede_cipher3
	evp_cipher: nid, blksz= 895, 1, keylen=16, ivlen=12
	key_block: len= 56, data= ed1e19766206d7f0e6ba5e3a834a1fc061926655fdb1c909fab27e6dfbf43eb8918e8081357ac4a02a398ee8816439ea67d5c8a52195dcb9
EVP_CipherInit_ex(dd,c,key=,iv=,which)
	key= ed1e19766206d7f0e6ba5e3a834a1fc0	#client write key 16bytes
	 iv= 918e8081357ac4a02a398ee8		#client write iv  14bytes why not 4 bytes???
tls1_enc(0)					#rowanPang: frame8,client encrypted handshake message 
newSeq:
0000000000000001
ADD:
00000000000000001603030028
EVP_Cipher(ds=0x1899860,rec->data=0x188dd88,rec->input=0x188dd88,l=40) ==>
	EVP_CIPHER_CTX: 0 buf_len, 16 key_len [8 128], 12 iv_len
		IV: 918E80810000000000000000				#rowanPang:  12 bytes iv,--> nonce
	rec->input= 4f db 1a ef e4 6b a2 ee 7d a0 47 18 08 f5 c0 8f fc 33 48 65 53 b1 74 70 40 e2 ba 6b ba 7f 9c 87 a7 b7 3e 37 bb dc f0 b4
									#cipher input.
	rec->data= 14 00 00 0c 61 6d 5e 69 22 22 91 32 d6 ef 7d 80 40 e2 ba 6b ba 7f 9c 87 a7 b7 3e 37 bb dc f0 b4 fd c9 61 c0 18 da 4d 66
									#plaintext output
tls1_enc(1)					#frame9,
tls1_setup_key_block()
tls1_enc(1)					#frame9,server change cipher.
tls1_change_cipher_state(which= 34) w/
	alg= 1/1, comp= (nil)
	evp_cipher == 0x7f87ef970480 ==? &d_cbc_ede_cipher3
	evp_cipher: nid, blksz= 895, 1, keylen=16, ivlen=12
	key_block: len= 56, data= ed1e19766206d7f0e6ba5e3a834a1fc061926655fdb1c909fab27e6dfbf43eb8918e8081357ac4a02a398ee8816439ea67d5c8a52195dcb9
EVP_CipherInit_ex(dd,c,key=,iv=,which)
	key= 61926655fdb1c909fab27e6dfbf43eb8
	 iv= 357ac4a02a398ee8816439ea
tls1_enc(1)					#frame9,Encrypted handshake message
newSeq:
0000000000000001
ADD:
00000000000000001603030018
EVP_Cipher(ds=0x189a280,rec->data=0x18922d8,rec->input=0x18922d8,l=40) ==>
	EVP_CIPHER_CTX: 0 buf_len, 16 key_len [8 128], 12 iv_len
		IV: 357AC4A03CC2B61D750581E9
	rec->input= 01 00 00 a6 00 00 01 2c				#8bytes		random?
		    14 00 00 0c af bb 14 e9 28 6d fb c2 b7 df 74 23	#16
		    75 2d 5f f3 9b 09 2c 78 53 17 ae 68 e2 72 6c 74	#16
	rec->data=  3c c2 b6 1d 75 05 81 e9 
		    39 0b 2d fc 9c f4 d0 25 4d c1 bd b9 7a 2c d0 fe 
		    ba 86 f2 02 a2 78 ef 38 46 c6 41 e9 22 65 5a 3b
tls1_enc(1)
newSeq:
0000000000000002
ADD:
00000000000000011703030016
EVP_Cipher(ds=0x189a280,rec->data=0x18922d8,rec->input=0x18922d8,l=38) ==>
	EVP_CIPHER_CTX: 0 buf_len, 16 key_len [8 128], 12 iv_len
		IV: 357AC4A03CC2B61D750581EA
	rec->input= 3c c2 b6 1d 75 05 81 e9 
		    73 65 72 76 65 72 2d 3e 63 6c 69 65 6e 74 d0 
		    fe ba 86 f2 02 a2 78 ef 38 46 c6 41 e9 22 65
	rec->data=  3c c2 b6 1d 75 05 81 ea 
		    09 0c 64 8f 94 00 ce bd cd 0b 5b 52 6b fd dc 
		    08 6a 9f 8b d1 05 f9 c8 79 df 78 82 e2 cf 8b
tls1_enc(0)
newSeq:
0000000000000002
ADD:
0000000000000001170303002b
EVP_Cipher(ds=0x1899860,rec->data=0x188dd88,rec->input=0x188dd88,l=43) ==>
	EVP_CIPHER_CTX: 0 buf_len, 16 key_len [8 128], 12 iv_len
		IV: 918E80814FDB1AEFE46BA2EE
	rec->input= 4f db 1a ef e4 6b a2 ef 8d 80 c8 4c f5 00 03 37 ad fb 0a f5 21 61 1e ec fd 00 37 de e1 e9 d9 9f d5 7f 26 f1 9d 4d 2b f4 41 58 d2
	rec->data=  66 72 6f 6d 20 63 6c 69 65 6e 74 2d 3e 73 65 
		    72 76 65 72 de e1 e9 d9 9f d5 7f 26 f1 9d 4d 2b f4 41 58 d2 c0 18 da 4d 66 23 27 78
tls1_enc(1)
newSeq:
0000000000000003
ADD:
0000000000000002150303000a
EVP_Cipher(ds=0x189a280,rec->data=0x18922d8,rec->input=0x18922d8,l=26) ==>
	EVP_CIPHER_CTX: 0 buf_len, 16 key_len [8 128], 12 iv_len
		IV: 357AC4A0
		    3CC2B61D750581EB
	rec->input= 3c c2 b6 1d 75 05 81 ea 
		    01 00 64 8f 94 00 ce bd cd 0b 5b 52 6b fd dc 08 6a 9f
	rec->data=  3c c2 b6 1d 75 05 81 eb 
		    86 3a 36 e0 a8 7e 5e 9e 63 d6 d7 a0 b1 c4 55 6d a0 82
