UDEV_LOG=3
ACTION=remove
DEVPATH=/devices/pci0000:00/0000:00:14.0/usb3/3-7/3-7.4/3-7.4:1.0/host19/target19:0:0/19:0:0:0/block/sdb/sdb1
SUBSYSTEM=block
DEVNAME=/dev/sdb1
SEQNUM=2339
MAJOR=8
MINOR=17
MPATH_SBIN_PATH=/sbin
ID_VENDOR=BUFFALO
ID_VENDOR_ENC=BUFFALO\x20
ID_VENDOR_ID=0411
ID_MODEL=USB_Flash_Disk
ID_MODEL_ENC=USB\x20Flash\x20Disk\x20\x20
ID_MODEL_ID=0110
ID_REVISION=4000
ID_SERIAL=BUFFALO_USB_Flash_Disk_IG10914100000437-0:0
ID_SERIAL_SHORT=IG10914100000437
ID_TYPE=disk
ID_INSTANCE=0:0
ID_BUS=usb
ID_USB_INTERFACES=:080650:
ID_USB_INTERFACE_NUM=00
ID_USB_DRIVER=usb-storage
ID_PATH=pci-0000:00:14.0-usb-0:7.4:1.0-scsi-0:0:0:0
ID_PART_TABLE_TYPE=dos
ID_FS_LABEL=rowan
ID_FS_LABEL_ENC=rowan
ID_FS_UU
ID=2E4F-0C42
ID_FS_UUID_ENC=2E4F-0C42
ID_FS_VERSION=FAT32
ID_SERIAL=BUFFALO_USB_Flash_Disk_IG10914100000437-0:0
ID_SERIAL_SHORT=IG10914100000437
ID_TYPE=disk
ID_INSTANCE=0:0
ID_BUS=usb
ID_USB_INTERFACES=:080650:
ID_USB_INTERFACE_NUM=00
ID_USB_DRIVER=usb-storage
ID_PATH=pci-0000:00:14.0-usb-0:7.4:1.0-scsi-0:0:0:0
ID_PART_TABLE_TYPE=dos
ID_FS_LABEL=rowan
ID_FS_LABEL_ENC=rowan
ID_FS_UUID=2E4F-0C42
ID_FS_UUID_ENC=2E4F-0C42
ID_FS_VERSION=FAT32
ID_FS_TYPE=vfat
ID_FS_USAGE=filesystem
LVM_SBIN_PATH=/sbin
UDISKS_PRESENTATION_NOPOLICY=0
UDISKS_PARTITION=1
UDISKS_PARTITION_SCHEME=mbr
UDISKS_PARTITION_NUMBER=1
UDISKS_PARTITION_TYPE=0x83
UDISKS_PARTITION_SIZE=4047328256
UDISKS_PARTITION_FLAGS=boot
UDISKS_PARTITION_SLAVE=/sys/devices/pci0000:00/0000:00:14.0/usb3/3-7/3-7.4/3-7.4:1.0/host19/target19:0:0/19:0:0:0/block/sdb
UDISKS_PARTITION_OFFSET=31744
UDISKS_PARTITION_ALIGNMENT_OFFSET=0
DEVLINKS=/dev/block/8:17 /dev/disk/by-id/usb-BUFFALO_USB_Flash_Disk_IG10914100000437-0:0-part1 /dev/disk/by-path/pci-0000:00:14.0-usb-0:7.4:1.0-scsi-0:0:0:0-part1 /dev/disk/by-uuid/2E4F-0C42 /dev/disk/by-label/rowan
