ELF Header:
  Magic:   7f 45 4c 46 02 01 01 00 00 00 00 00 00 00 00 00 
  Class:                             ELF64
  Data:                              2's complement, little endian
  Version:                           1 (current)
  OS/ABI:                            UNIX - System V
  ABI Version:                       0
  Type:                              EXEC (Executable file)
  Machine:                           Advanced Micro Devices X86-64
  Version:                           0x1
  Entry point address:               0x400500
  Start of program headers:          64 (bytes into file)
  Start of section headers:          4520 (bytes into file)
  Flags:                             0x0
  Size of this header:               64 (bytes)
  Size of program headers:           56 (bytes)
  Number of program headers:         9
  Size of section headers:           64 (bytes)
  Number of section headers:         29
  Section header string table index: 28

Section Headers:
  [Nr] Name              Type            Address          Off    Size   ES Flg Lk Inf Al
  [ 0]                   NULL            0000000000000000 000000 000000 00      0   0  0
  [ 1] .interp           PROGBITS        0000000000400238 000238 00001c 00   A  0   0  1
  [ 2] .note.ABI-tag     NOTE            0000000000400254 000254 000020 00   A  0   0  4
  [ 3] .note.gnu.build-id NOTE            0000000000400274 000274 000024 00   A  0   0  4
  [ 4] .gnu.hash         GNU_HASH        0000000000400298 000298 00001c 00   A  5   0  8
  [ 5] .dynsym           DYNSYM          00000000004002b8 0002b8 0000a8 18   A  6   1  8
  [ 6] .dynstr           STRTAB          0000000000400360 000360 000051 00   A  0   0  1
  [ 7] .gnu.version      VERSYM          00000000004003b2 0003b2 00000e 02   A  5   0  2
  [ 8] .gnu.version_r    VERNEED         00000000004003c0 0003c0 000020 00   A  6   1  8
  [ 9] .rela.dyn         RELA            00000000004003e0 0003e0 000018 18   A  5   0  8
  [10] .rela.plt         RELA            00000000004003f8 0003f8 000078 18  AI  5  24  8
  [11] .init             PROGBITS        0000000000400470 000470 00001a 00  AX  0   0  4
  [12] .plt              PROGBITS        0000000000400490 000490 000060 10  AX  0   0 16
  [13] .plt.got          PROGBITS        00000000004004f0 0004f0 000008 00  AX  0   0  8
  [14] .text             PROGBITS        0000000000400500 000500 000242 00  AX  0   0 16
  [15] .fini             PROGBITS        0000000000400744 000744 000009 00  AX  0   0  4
  [16] .rodata           PROGBITS        0000000000400750 000750 00006b 00   A  0   0  8
  [17] .eh_frame_hdr     PROGBITS        00000000004007bc 0007bc 00003c 00   A  0   0  4
  [18] .eh_frame         PROGBITS        00000000004007f8 0007f8 000114 00   A  0   0  8
  [19] .init_array       INIT_ARRAY      0000000000600e10 000e10 000008 00  WA  0   0  8
  [20] .fini_array       FINI_ARRAY      0000000000600e18 000e18 000008 00  WA  0   0  8
  [21] .jcr              PROGBITS        0000000000600e20 000e20 000008 00  WA  0   0  8
  [22] .dynamic          DYNAMIC         0000000000600e28 000e28 0001d0 10  WA  6   0  8
  [23] .got              PROGBITS        0000000000600ff8 000ff8 000008 08  WA  0   0  8
  [24] .got.plt          PROGBITS        0000000000601000 001000 000040 08  WA  0   0  8
  [25] .data             PROGBITS        0000000000601040 001040 00000c 00  WA  0   0  4
  [26] .bss              NOBITS          000000000060104c 00104c 00000c 00  WA  0   0  4
  [27] .comment          PROGBITS        0000000000000000 00104c 00005b 01  MS  0   0  1
  [28] .shstrtab         STRTAB          0000000000000000 0010a7 0000fc 00      0   0  1
Key to Flags:
  W (write), A (alloc), X (execute), M (merge), S (strings), l (large)
  I (info), L (link order), G (group), T (TLS), E (exclude), x (unknown)
  O (extra OS processing required) o (OS specific), p (processor specific)

There are no section groups in this file.

Program Headers:
  Type           Offset   VirtAddr           PhysAddr           FileSiz  MemSiz   Flg Align
  PHDR           0x000040 0x0000000000400040 0x0000000000400040 0x0001f8 0x0001f8 R E 0x8
  INTERP         0x000238 0x0000000000400238 0x0000000000400238 0x00001c 0x00001c R   0x1
      [Requesting program interpreter: /lib64/ld-linux-x86-64.so.2]
  LOAD           0x000000 0x0000000000400000 0x0000000000400000 0x00090c 0x00090c R E 0x200000
  LOAD           0x000e10 0x0000000000600e10 0x0000000000600e10 0x00023c 0x000248 RW  0x200000
  DYNAMIC        0x000e28 0x0000000000600e28 0x0000000000600e28 0x0001d0 0x0001d0 RW  0x8
  NOTE           0x000254 0x0000000000400254 0x0000000000400254 0x000044 0x000044 R   0x4
  GNU_EH_FRAME   0x0007bc 0x00000000004007bc 0x00000000004007bc 0x00003c 0x00003c R   0x4
  GNU_STACK      0x000000 0x0000000000000000 0x0000000000000000 0x000000 0x000000 RW  0x10
  GNU_RELRO      0x000e10 0x0000000000600e10 0x0000000000600e10 0x0001f0 0x0001f0 R   0x1

 Section to Segment mapping:
  Segment Sections...
   00     
   01     .interp 
   02     .interp .note.ABI-tag .note.gnu.build-id .gnu.hash .dynsym .dynstr .gnu.version .gnu.version_r .rela.dyn .rela.plt .init .plt .plt.got .text .fini .rodata .eh_frame_hdr .eh_frame 
   03     .init_array .fini_array .jcr .dynamic .got .got.plt .data .bss 
   04     .dynamic 
   05     .note.ABI-tag .note.gnu.build-id 
   06     .eh_frame_hdr 
   07     
   08     .init_array .fini_array .jcr .dynamic .got 

Dynamic section at offset 0xe28 contains 24 entries:
  Tag        Type                         Name/Value
 0x0000000000000001 (NEEDED)             Shared library: [libc.so.6]
 0x000000000000000c (INIT)               0x400470
 0x000000000000000d (FINI)               0x400744
 0x0000000000000019 (INIT_ARRAY)         0x600e10
 0x000000000000001b (INIT_ARRAYSZ)       8 (bytes)
 0x000000000000001a (FINI_ARRAY)         0x600e18
 0x000000000000001c (FINI_ARRAYSZ)       8 (bytes)
 0x000000006ffffef5 (GNU_HASH)           0x400298
 0x0000000000000005 (STRTAB)             0x400360
 0x0000000000000006 (SYMTAB)             0x4002b8
 0x000000000000000a (STRSZ)              81 (bytes)
 0x000000000000000b (SYMENT)             24 (bytes)
 0x0000000000000015 (DEBUG)              0x0
 0x0000000000000003 (PLTGOT)             0x601000
 0x0000000000000002 (PLTRELSZ)           120 (bytes)
 0x0000000000000014 (PLTREL)             RELA
 0x0000000000000017 (JMPREL)             0x4003f8
 0x0000000000000007 (RELA)               0x4003e0
 0x0000000000000008 (RELASZ)             24 (bytes)
 0x0000000000000009 (RELAENT)            24 (bytes)
 0x000000006ffffffe (VERNEED)            0x4003c0
 0x000000006fffffff (VERNEEDNUM)         1
 0x000000006ffffff0 (VERSYM)             0x4003b2
 0x0000000000000000 (NULL)               0x0

Relocation section '.rela.dyn' at offset 0x3e0 contains 1 entries:
    Offset             Info             Type               Symbol's Value  Symbol's Name + Addend
0000000000600ff8  0000000500000006 R_X86_64_GLOB_DAT      0000000000000000 __gmon_start__ + 0

Relocation section '.rela.plt' at offset 0x3f8 contains 5 entries:
    Offset             Info             Type               Symbol's Value  Symbol's Name + Addend
0000000000601018  0000000100000007 R_X86_64_JUMP_SLOT     0000000000000000 puts@GLIBC_2.2.5 + 0
0000000000601020  0000000200000007 R_X86_64_JUMP_SLOT     0000000000000000 getpid@GLIBC_2.2.5 + 0
0000000000601028  0000000300000007 R_X86_64_JUMP_SLOT     0000000000000000 printf@GLIBC_2.2.5 + 0
0000000000601030  0000000400000007 R_X86_64_JUMP_SLOT     0000000000000000 __libc_start_main@GLIBC_2.2.5 + 0
0000000000601038  0000000600000007 R_X86_64_JUMP_SLOT     0000000000000000 sleep@GLIBC_2.2.5 + 0

The decoding of unwind sections for machine type Advanced Micro Devices X86-64 is not currently supported.

Symbol table '.dynsym' contains 7 entries:
   Num:    Value          Size Type    Bind   Vis      Ndx Name
     0: 0000000000000000     0 NOTYPE  LOCAL  DEFAULT  UND 
     1: 0000000000000000     0 FUNC    GLOBAL DEFAULT  UND puts@GLIBC_2.2.5 (2)
     2: 0000000000000000     0 FUNC    GLOBAL DEFAULT  UND getpid@GLIBC_2.2.5 (2)
     3: 0000000000000000     0 FUNC    GLOBAL DEFAULT  UND printf@GLIBC_2.2.5 (2)
     4: 0000000000000000     0 FUNC    GLOBAL DEFAULT  UND __libc_start_main@GLIBC_2.2.5 (2)
     5: 0000000000000000     0 NOTYPE  WEAK   DEFAULT  UND __gmon_start__
     6: 0000000000000000     0 FUNC    GLOBAL DEFAULT  UND sleep@GLIBC_2.2.5 (2)

Version symbols section '.gnu.version' contains 7 entries:
 Addr: 00000000004003b2  Offset: 0x0003b2  Link: 5 (.dynsym)
  000:   0 (*local*)       2 (GLIBC_2.2.5)   2 (GLIBC_2.2.5)   2 (GLIBC_2.2.5)
  004:   2 (GLIBC_2.2.5)   0 (*local*)       2 (GLIBC_2.2.5)

Version needs section '.gnu.version_r' contains 1 entries:
 Addr: 0x00000000004003c0  Offset: 0x0003c0  Link: 6 (.dynstr)
  000000: Version: 1  File: libc.so.6  Cnt: 1
  0x0010:   Name: GLIBC_2.2.5  Flags: none  Version: 2

Displaying notes found at file offset 0x00000254 with length 0x00000020:
  Owner                 Data size	Description
  GNU                  0x00000010	NT_GNU_ABI_TAG (ABI version tag)
    OS: Linux, ABI: 2.6.32

Displaying notes found at file offset 0x00000274 with length 0x00000024:
  Owner                 Data size	Description
  GNU                  0x00000014	NT_GNU_BUILD_ID (unique build ID bitstring)
    Build ID: dfa9ffd388665204ec0f42368e2eadc6863afa7d
