ELF Header:
  Magic:   7f 45 4c 46 02 01 01 00 00 00 00 00 00 00 00 00 
  Class:                             ELF64
  Data:                              2's complement, little endian
  Version:                           1 (current)
  OS/ABI:                            UNIX - System V
  ABI Version:                       0
  Type:                              EXEC (Executable file)
  Machine:                           Advanced Micro Devices X86-64
  Version:                           0x1
  Entry point address:               0x400500
  Start of program headers:          64 (bytes into file)
  Start of section headers:          9608 (bytes into file)
  Flags:                             0x0
  Size of this header:               64 (bytes)
  Size of program headers:           56 (bytes)
  Number of program headers:         9
  Size of section headers:           64 (bytes)
  Number of section headers:         36
  Section header string table index: 33

Section Headers:
  [Nr] Name              Type            Address          Off    Size   ES Flg Lk Inf Al
  [ 0]                   NULL            0000000000000000 000000 000000 00      0   0  0
  [ 1] .interp           PROGBITS        0000000000400238 000238 00001c 00   A  0   0  1
  [ 2] .note.ABI-tag     NOTE            0000000000400254 000254 000020 00   A  0   0  4
  [ 3] .note.gnu.build-id NOTE            0000000000400274 000274 000024 00   A  0   0  4
  [ 4] .gnu.hash         GNU_HASH        0000000000400298 000298 00001c 00   A  5   0  8
  [ 5] .dynsym           DYNSYM          00000000004002b8 0002b8 0000a8 18   A  6   1  8
  [ 6] .dynstr           STRTAB          0000000000400360 000360 000051 00   A  0   0  1
  [ 7] .gnu.version      VERSYM          00000000004003b2 0003b2 00000e 02   A  5   0  2
  [ 8] .gnu.version_r    VERNEED         00000000004003c0 0003c0 000020 00   A  6   1  8
  [ 9] .rela.dyn         RELA            00000000004003e0 0003e0 000018 18   A  5   0  8
  [10] .rela.plt         RELA            00000000004003f8 0003f8 000078 18  AI  5  24  8
  [11] .init             PROGBITS        0000000000400470 000470 00001a 00  AX  0   0  4
  [12] .plt              PROGBITS        0000000000400490 000490 000060 10  AX  0   0 16
  [13] .plt.got          PROGBITS        00000000004004f0 0004f0 000008 00  AX  0   0  8
  [14] .text             PROGBITS        0000000000400500 000500 000242 00  AX  0   0 16
  [15] .fini             PROGBITS        0000000000400744 000744 000009 00  AX  0   0  4
  [16] .rodata           PROGBITS        0000000000400750 000750 00006b 00   A  0   0  8
  [17] .eh_frame_hdr     PROGBITS        00000000004007bc 0007bc 00003c 00   A  0   0  4
  [18] .eh_frame         PROGBITS        00000000004007f8 0007f8 000114 00   A  0   0  8
  [19] .init_array       INIT_ARRAY      0000000000600e10 000e10 000008 00  WA  0   0  8
  [20] .fini_array       FINI_ARRAY      0000000000600e18 000e18 000008 00  WA  0   0  8
  [21] .jcr              PROGBITS        0000000000600e20 000e20 000008 00  WA  0   0  8
  [22] .dynamic          DYNAMIC         0000000000600e28 000e28 0001d0 10  WA  6   0  8
  [23] .got              PROGBITS        0000000000600ff8 000ff8 000008 08  WA  0   0  8
  [24] .got.plt          PROGBITS        0000000000601000 001000 000040 08  WA  0   0  8
  [25] .data             PROGBITS        0000000000601040 001040 00000c 00  WA  0   0  4
  [26] .bss              NOBITS          000000000060104c 00104c 00000c 00  WA  0   0  4
  [27] .comment          PROGBITS        0000000000000000 00104c 00005b 01  MS  0   0  1
  [28] .debug_aranges    PROGBITS        0000000000000000 0010a7 000030 00      0   0  1
  [29] .debug_info       PROGBITS        0000000000000000 0010d7 00042a 00      0   0  1
  [30] .debug_abbrev     PROGBITS        0000000000000000 001501 00013c 00      0   0  1
  [31] .debug_line       PROGBITS        0000000000000000 00163d 0000f2 00      0   0  1
  [32] .debug_str        PROGBITS        0000000000000000 00172f 000308 01  MS  0   0  1
  [33] .shstrtab         STRTAB          0000000000000000 002435 00014c 00      0   0  1
  [34] .symtab           SYMTAB          0000000000000000 001a38 000780 18     35  54  8
  [35] .strtab           STRTAB          0000000000000000 0021b8 00027d 00      0   0  1
Key to Flags:
  W (write), A (alloc), X (execute), M (merge), S (strings), l (large)
  I (info), L (link order), G (group), T (TLS), E (exclude), x (unknown)
  O (extra OS processing required) o (OS specific), p (processor specific)

There are no section groups in this file.

Program Headers:
  Type           Offset   VirtAddr           PhysAddr           FileSiz  MemSiz   Flg Align
  PHDR           0x000040 0x0000000000400040 0x0000000000400040 0x0001f8 0x0001f8 R E 0x8
  INTERP         0x000238 0x0000000000400238 0x0000000000400238 0x00001c 0x00001c R   0x1
      [Requesting program interpreter: /lib64/ld-linux-x86-64.so.2]
  LOAD           0x000000 0x0000000000400000 0x0000000000400000 0x00090c 0x00090c R E 0x200000
  LOAD           0x000e10 0x0000000000600e10 0x0000000000600e10 0x00023c 0x000248 RW  0x200000
  DYNAMIC        0x000e28 0x0000000000600e28 0x0000000000600e28 0x0001d0 0x0001d0 RW  0x8
  NOTE           0x000254 0x0000000000400254 0x0000000000400254 0x000044 0x000044 R   0x4
  GNU_EH_FRAME   0x0007bc 0x00000000004007bc 0x00000000004007bc 0x00003c 0x00003c R   0x4
  GNU_STACK      0x000000 0x0000000000000000 0x0000000000000000 0x000000 0x000000 RW  0x10
  GNU_RELRO      0x000e10 0x0000000000600e10 0x0000000000600e10 0x0001f0 0x0001f0 R   0x1

 Section to Segment mapping:
  Segment Sections...
   00     
   01     .interp 
   02     .interp .note.ABI-tag .note.gnu.build-id .gnu.hash .dynsym .dynstr .gnu.version .gnu.version_r .rela.dyn .rela.plt .init .plt .plt.got .text .fini .rodata .eh_frame_hdr .eh_frame 
   03     .init_array .fini_array .jcr .dynamic .got .got.plt .data .bss 
   04     .dynamic 
   05     .note.ABI-tag .note.gnu.build-id 
   06     .eh_frame_hdr 
   07     
   08     .init_array .fini_array .jcr .dynamic .got 

Dynamic section at offset 0xe28 contains 24 entries:
  Tag        Type                         Name/Value
 0x0000000000000001 (NEEDED)             Shared library: [libc.so.6]
 0x000000000000000c (INIT)               0x400470
 0x000000000000000d (FINI)               0x400744
 0x0000000000000019 (INIT_ARRAY)         0x600e10
 0x000000000000001b (INIT_ARRAYSZ)       8 (bytes)
 0x000000000000001a (FINI_ARRAY)         0x600e18
 0x000000000000001c (FINI_ARRAYSZ)       8 (bytes)
 0x000000006ffffef5 (GNU_HASH)           0x400298
 0x0000000000000005 (STRTAB)             0x400360
 0x0000000000000006 (SYMTAB)             0x4002b8
 0x000000000000000a (STRSZ)              81 (bytes)
 0x000000000000000b (SYMENT)             24 (bytes)
 0x0000000000000015 (DEBUG)              0x0
 0x0000000000000003 (PLTGOT)             0x601000
 0x0000000000000002 (PLTRELSZ)           120 (bytes)
 0x0000000000000014 (PLTREL)             RELA
 0x0000000000000017 (JMPREL)             0x4003f8
 0x0000000000000007 (RELA)               0x4003e0
 0x0000000000000008 (RELASZ)             24 (bytes)
 0x0000000000000009 (RELAENT)            24 (bytes)
 0x000000006ffffffe (VERNEED)            0x4003c0
 0x000000006fffffff (VERNEEDNUM)         1
 0x000000006ffffff0 (VERSYM)             0x4003b2
 0x0000000000000000 (NULL)               0x0

Relocation section '.rela.dyn' at offset 0x3e0 contains 1 entries:
    Offset             Info             Type               Symbol's Value  Symbol's Name + Addend
0000000000600ff8  0000000500000006 R_X86_64_GLOB_DAT      0000000000000000 __gmon_start__ + 0

Relocation section '.rela.plt' at offset 0x3f8 contains 5 entries:
    Offset             Info             Type               Symbol's Value  Symbol's Name + Addend
0000000000601018  0000000100000007 R_X86_64_JUMP_SLOT     0000000000000000 puts@GLIBC_2.2.5 + 0
0000000000601020  0000000200000007 R_X86_64_JUMP_SLOT     0000000000000000 getpid@GLIBC_2.2.5 + 0
0000000000601028  0000000300000007 R_X86_64_JUMP_SLOT     0000000000000000 printf@GLIBC_2.2.5 + 0
0000000000601030  0000000400000007 R_X86_64_JUMP_SLOT     0000000000000000 __libc_start_main@GLIBC_2.2.5 + 0
0000000000601038  0000000600000007 R_X86_64_JUMP_SLOT     0000000000000000 sleep@GLIBC_2.2.5 + 0

The decoding of unwind sections for machine type Advanced Micro Devices X86-64 is not currently supported.

Symbol table '.dynsym' contains 7 entries:
   Num:    Value          Size Type    Bind   Vis      Ndx Name
     0: 0000000000000000     0 NOTYPE  LOCAL  DEFAULT  UND 
     1: 0000000000000000     0 FUNC    GLOBAL DEFAULT  UND puts@GLIBC_2.2.5 (2)
     2: 0000000000000000     0 FUNC    GLOBAL DEFAULT  UND getpid@GLIBC_2.2.5 (2)
     3: 0000000000000000     0 FUNC    GLOBAL DEFAULT  UND printf@GLIBC_2.2.5 (2)
     4: 0000000000000000     0 FUNC    GLOBAL DEFAULT  UND __libc_start_main@GLIBC_2.2.5 (2)
     5: 0000000000000000     0 NOTYPE  WEAK   DEFAULT  UND __gmon_start__
     6: 0000000000000000     0 FUNC    GLOBAL DEFAULT  UND sleep@GLIBC_2.2.5 (2)

Symbol table '.symtab' contains 80 entries:
   Num:    Value          Size Type    Bind   Vis      Ndx Name
     0: 0000000000000000     0 NOTYPE  LOCAL  DEFAULT  UND 
     1: 0000000000400238     0 SECTION LOCAL  DEFAULT    1 
     2: 0000000000400254     0 SECTION LOCAL  DEFAULT    2 
     3: 0000000000400274     0 SECTION LOCAL  DEFAULT    3 
     4: 0000000000400298     0 SECTION LOCAL  DEFAULT    4 
     5: 00000000004002b8     0 SECTION LOCAL  DEFAULT    5 
     6: 0000000000400360     0 SECTION LOCAL  DEFAULT    6 
     7: 00000000004003b2     0 SECTION LOCAL  DEFAULT    7 
     8: 00000000004003c0     0 SECTION LOCAL  DEFAULT    8 
     9: 00000000004003e0     0 SECTION LOCAL  DEFAULT    9 
    10: 00000000004003f8     0 SECTION LOCAL  DEFAULT   10 
    11: 0000000000400470     0 SECTION LOCAL  DEFAULT   11 
    12: 0000000000400490     0 SECTION LOCAL  DEFAULT   12 
    13: 00000000004004f0     0 SECTION LOCAL  DEFAULT   13 
    14: 0000000000400500     0 SECTION LOCAL  DEFAULT   14 
    15: 0000000000400744     0 SECTION LOCAL  DEFAULT   15 
    16: 0000000000400750     0 SECTION LOCAL  DEFAULT   16 
    17: 00000000004007bc     0 SECTION LOCAL  DEFAULT   17 
    18: 00000000004007f8     0 SECTION LOCAL  DEFAULT   18 
    19: 0000000000600e10     0 SECTION LOCAL  DEFAULT   19 
    20: 0000000000600e18     0 SECTION LOCAL  DEFAULT   20 
    21: 0000000000600e20     0 SECTION LOCAL  DEFAULT   21 
    22: 0000000000600e28     0 SECTION LOCAL  DEFAULT   22 
    23: 0000000000600ff8     0 SECTION LOCAL  DEFAULT   23 
    24: 0000000000601000     0 SECTION LOCAL  DEFAULT   24 
    25: 0000000000601040     0 SECTION LOCAL  DEFAULT   25 
    26: 000000000060104c     0 SECTION LOCAL  DEFAULT   26 
    27: 0000000000000000     0 SECTION LOCAL  DEFAULT   27 
    28: 0000000000000000     0 SECTION LOCAL  DEFAULT   28 
    29: 0000000000000000     0 SECTION LOCAL  DEFAULT   29 
    30: 0000000000000000     0 SECTION LOCAL  DEFAULT   30 
    31: 0000000000000000     0 SECTION LOCAL  DEFAULT   31 
    32: 0000000000000000     0 SECTION LOCAL  DEFAULT   32 
    33: 0000000000000000     0 FILE    LOCAL  DEFAULT  ABS crtstuff.c
    34: 0000000000600e20     0 OBJECT  LOCAL  DEFAULT   21 __JCR_LIST__
    35: 0000000000400530     0 FUNC    LOCAL  DEFAULT   14 deregister_tm_clones
    36: 0000000000400570     0 FUNC    LOCAL  DEFAULT   14 register_tm_clones
    37: 00000000004005b0     0 FUNC    LOCAL  DEFAULT   14 __do_global_dtors_aux
    38: 000000000060104c     1 OBJECT  LOCAL  DEFAULT   26 completed.6936
    39: 0000000000600e18     0 OBJECT  LOCAL  DEFAULT   20 __do_global_dtors_aux_fini_array_entry
    40: 00000000004005d0     0 FUNC    LOCAL  DEFAULT   14 frame_dummy
    41: 0000000000600e10     0 OBJECT  LOCAL  DEFAULT   19 __frame_dummy_init_array_entry
    42: 0000000000000000     0 FILE    LOCAL  DEFAULT  ABS main.c
    43: 0000000000601048     4 OBJECT  LOCAL  DEFAULT   25 sVar.2978
    44: 0000000000601050     4 OBJECT  LOCAL  DEFAULT   26 sVarUninit.2979
    45: 0000000000000000     0 FILE    LOCAL  DEFAULT  ABS crtstuff.c
    46: 0000000000400908     0 OBJECT  LOCAL  DEFAULT   18 __FRAME_END__
    47: 0000000000600e20     0 OBJECT  LOCAL  DEFAULT   21 __JCR_END__
    48: 0000000000000000     0 FILE    LOCAL  DEFAULT  ABS 
    49: 0000000000600e18     0 NOTYPE  LOCAL  DEFAULT   19 __init_array_end
    50: 0000000000600e28     0 OBJECT  LOCAL  DEFAULT   22 _DYNAMIC
    51: 0000000000600e10     0 NOTYPE  LOCAL  DEFAULT   19 __init_array_start
    52: 00000000004007bc     0 NOTYPE  LOCAL  DEFAULT   17 __GNU_EH_FRAME_HDR
    53: 0000000000601000     0 OBJECT  LOCAL  DEFAULT   24 _GLOBAL_OFFSET_TABLE_
    54: 0000000000400740     2 FUNC    GLOBAL DEFAULT   14 __libc_csu_fini
    55: 0000000000000000     0 NOTYPE  WEAK   DEFAULT  UND _ITM_deregisterTMCloneTable
    56: 0000000000601040     0 NOTYPE  WEAK   DEFAULT   25 data_start
    57: 0000000000000000     0 FUNC    GLOBAL DEFAULT  UND puts@@GLIBC_2.2.5
    58: 0000000000000000     0 FUNC    GLOBAL DEFAULT  UND getpid@@GLIBC_2.2.5
    59: 000000000060104c     0 NOTYPE  GLOBAL DEFAULT   25 _edata
    60: 0000000000400744     0 FUNC    GLOBAL DEFAULT   15 _fini
    61: 0000000000000000     0 FUNC    GLOBAL DEFAULT  UND printf@@GLIBC_2.2.5
    62: 00000000004005f6    34 FUNC    GLOBAL DEFAULT   14 show
    63: 0000000000000000     0 FUNC    GLOBAL DEFAULT  UND __libc_start_main@@GLIBC_2.2.5
    64: 0000000000601040     0 NOTYPE  GLOBAL DEFAULT   25 __data_start
    65: 0000000000000000     0 NOTYPE  WEAK   DEFAULT  UND __gmon_start__
    66: 0000000000400758     0 OBJECT  GLOBAL HIDDEN    16 __dso_handle
    67: 0000000000400750     4 OBJECT  GLOBAL DEFAULT   16 _IO_stdin_used
    68: 00000000004006d0   103 FUNC    GLOBAL DEFAULT   14 __libc_csu_init
    69: 0000000000601054     4 OBJECT  GLOBAL DEFAULT   26 gVarUninit
    70: 0000000000601058     0 NOTYPE  GLOBAL DEFAULT   26 _end
    71: 0000000000400500    42 FUNC    GLOBAL DEFAULT   14 _start
    72: 000000000060104c     0 NOTYPE  GLOBAL DEFAULT   26 __bss_start
    73: 0000000000400618   169 FUNC    GLOBAL DEFAULT   14 main
    74: 0000000000000000     0 NOTYPE  WEAK   DEFAULT  UND _Jv_RegisterClasses
    75: 0000000000601044     4 OBJECT  GLOBAL DEFAULT   25 gVar
    76: 0000000000601050     0 OBJECT  GLOBAL HIDDEN    25 __TMC_END__
    77: 0000000000000000     0 NOTYPE  WEAK   DEFAULT  UND _ITM_registerTMCloneTable
    78: 0000000000000000     0 FUNC    GLOBAL DEFAULT  UND sleep@@GLIBC_2.2.5
    79: 0000000000400470     0 FUNC    GLOBAL DEFAULT   11 _init

Version symbols section '.gnu.version' contains 7 entries:
 Addr: 00000000004003b2  Offset: 0x0003b2  Link: 5 (.dynsym)
  000:   0 (*local*)       2 (GLIBC_2.2.5)   2 (GLIBC_2.2.5)   2 (GLIBC_2.2.5)
  004:   2 (GLIBC_2.2.5)   0 (*local*)       2 (GLIBC_2.2.5)

Version needs section '.gnu.version_r' contains 1 entries:
 Addr: 0x00000000004003c0  Offset: 0x0003c0  Link: 6 (.dynstr)
  000000: Version: 1  File: libc.so.6  Cnt: 1
  0x0010:   Name: GLIBC_2.2.5  Flags: none  Version: 2

Displaying notes found at file offset 0x00000254 with length 0x00000020:
  Owner                 Data size	Description
  GNU                  0x00000010	NT_GNU_ABI_TAG (ABI version tag)
    OS: Linux, ABI: 2.6.32

Displaying notes found at file offset 0x00000274 with length 0x00000024:
  Owner                 Data size	Description
  GNU                  0x00000014	NT_GNU_BUILD_ID (unique build ID bitstring)
    Build ID: dfa9ffd388665204ec0f42368e2eadc6863afa7d
