13c13
<   Start of section headers:          9608 (bytes into file)
---
>   Start of section headers:          4520 (bytes into file)
19,20c19,20
<   Number of section headers:         36
<   Section header string table index: 33
---
>   Number of section headers:         29
>   Section header string table index: 28
52,59c52
<   [28] .debug_aranges    PROGBITS        0000000000000000 0010a7 000030 00      0   0  1
<   [29] .debug_info       PROGBITS        0000000000000000 0010d7 00042a 00      0   0  1
<   [30] .debug_abbrev     PROGBITS        0000000000000000 001501 00013c 00      0   0  1
<   [31] .debug_line       PROGBITS        0000000000000000 00163d 0000f2 00      0   0  1
<   [32] .debug_str        PROGBITS        0000000000000000 00172f 000308 01  MS  0   0  1
<   [33] .shstrtab         STRTAB          0000000000000000 002435 00014c 00      0   0  1
<   [34] .symtab           SYMTAB          0000000000000000 001a38 000780 18     35  54  8
<   [35] .strtab           STRTAB          0000000000000000 0021b8 00027d 00      0   0  1
---
>   [28] .shstrtab         STRTAB          0000000000000000 0010a7 0000fc 00      0   0  1
142,224d134
< 
< Symbol table '.symtab' contains 80 entries:
<    Num:    Value          Size Type    Bind   Vis      Ndx Name
<      0: 0000000000000000     0 NOTYPE  LOCAL  DEFAULT  UND 
<      1: 0000000000400238     0 SECTION LOCAL  DEFAULT    1 
<      2: 0000000000400254     0 SECTION LOCAL  DEFAULT    2 
<      3: 0000000000400274     0 SECTION LOCAL  DEFAULT    3 
<      4: 0000000000400298     0 SECTION LOCAL  DEFAULT    4 
<      5: 00000000004002b8     0 SECTION LOCAL  DEFAULT    5 
<      6: 0000000000400360     0 SECTION LOCAL  DEFAULT    6 
<      7: 00000000004003b2     0 SECTION LOCAL  DEFAULT    7 
<      8: 00000000004003c0     0 SECTION LOCAL  DEFAULT    8 
<      9: 00000000004003e0     0 SECTION LOCAL  DEFAULT    9 
<     10: 00000000004003f8     0 SECTION LOCAL  DEFAULT   10 
<     11: 0000000000400470     0 SECTION LOCAL  DEFAULT   11 
<     12: 0000000000400490     0 SECTION LOCAL  DEFAULT   12 
<     13: 00000000004004f0     0 SECTION LOCAL  DEFAULT   13 
<     14: 0000000000400500     0 SECTION LOCAL  DEFAULT   14 
<     15: 0000000000400744     0 SECTION LOCAL  DEFAULT   15 
<     16: 0000000000400750     0 SECTION LOCAL  DEFAULT   16 
<     17: 00000000004007bc     0 SECTION LOCAL  DEFAULT   17 
<     18: 00000000004007f8     0 SECTION LOCAL  DEFAULT   18 
<     19: 0000000000600e10     0 SECTION LOCAL  DEFAULT   19 
<     20: 0000000000600e18     0 SECTION LOCAL  DEFAULT   20 
<     21: 0000000000600e20     0 SECTION LOCAL  DEFAULT   21 
<     22: 0000000000600e28     0 SECTION LOCAL  DEFAULT   22 
<     23: 0000000000600ff8     0 SECTION LOCAL  DEFAULT   23 
<     24: 0000000000601000     0 SECTION LOCAL  DEFAULT   24 
<     25: 0000000000601040     0 SECTION LOCAL  DEFAULT   25 
<     26: 000000000060104c     0 SECTION LOCAL  DEFAULT   26 
<     27: 0000000000000000     0 SECTION LOCAL  DEFAULT   27 
<     28: 0000000000000000     0 SECTION LOCAL  DEFAULT   28 
<     29: 0000000000000000     0 SECTION LOCAL  DEFAULT   29 
<     30: 0000000000000000     0 SECTION LOCAL  DEFAULT   30 
<     31: 0000000000000000     0 SECTION LOCAL  DEFAULT   31 
<     32: 0000000000000000     0 SECTION LOCAL  DEFAULT   32 
<     33: 0000000000000000     0 FILE    LOCAL  DEFAULT  ABS crtstuff.c
<     34: 0000000000600e20     0 OBJECT  LOCAL  DEFAULT   21 __JCR_LIST__
<     35: 0000000000400530     0 FUNC    LOCAL  DEFAULT   14 deregister_tm_clones
<     36: 0000000000400570     0 FUNC    LOCAL  DEFAULT   14 register_tm_clones
<     37: 00000000004005b0     0 FUNC    LOCAL  DEFAULT   14 __do_global_dtors_aux
<     38: 000000000060104c     1 OBJECT  LOCAL  DEFAULT   26 completed.6936
<     39: 0000000000600e18     0 OBJECT  LOCAL  DEFAULT   20 __do_global_dtors_aux_fini_array_entry
<     40: 00000000004005d0     0 FUNC    LOCAL  DEFAULT   14 frame_dummy
<     41: 0000000000600e10     0 OBJECT  LOCAL  DEFAULT   19 __frame_dummy_init_array_entry
<     42: 0000000000000000     0 FILE    LOCAL  DEFAULT  ABS main.c
<     43: 0000000000601048     4 OBJECT  LOCAL  DEFAULT   25 sVar.2978
<     44: 0000000000601050     4 OBJECT  LOCAL  DEFAULT   26 sVarUninit.2979
<     45: 0000000000000000     0 FILE    LOCAL  DEFAULT  ABS crtstuff.c
<     46: 0000000000400908     0 OBJECT  LOCAL  DEFAULT   18 __FRAME_END__
<     47: 0000000000600e20     0 OBJECT  LOCAL  DEFAULT   21 __JCR_END__
<     48: 0000000000000000     0 FILE    LOCAL  DEFAULT  ABS 
<     49: 0000000000600e18     0 NOTYPE  LOCAL  DEFAULT   19 __init_array_end
<     50: 0000000000600e28     0 OBJECT  LOCAL  DEFAULT   22 _DYNAMIC
<     51: 0000000000600e10     0 NOTYPE  LOCAL  DEFAULT   19 __init_array_start
<     52: 00000000004007bc     0 NOTYPE  LOCAL  DEFAULT   17 __GNU_EH_FRAME_HDR
<     53: 0000000000601000     0 OBJECT  LOCAL  DEFAULT   24 _GLOBAL_OFFSET_TABLE_
<     54: 0000000000400740     2 FUNC    GLOBAL DEFAULT   14 __libc_csu_fini
<     55: 0000000000000000     0 NOTYPE  WEAK   DEFAULT  UND _ITM_deregisterTMCloneTable
<     56: 0000000000601040     0 NOTYPE  WEAK   DEFAULT   25 data_start
<     57: 0000000000000000     0 FUNC    GLOBAL DEFAULT  UND puts@@GLIBC_2.2.5
<     58: 0000000000000000     0 FUNC    GLOBAL DEFAULT  UND getpid@@GLIBC_2.2.5
<     59: 000000000060104c     0 NOTYPE  GLOBAL DEFAULT   25 _edata
<     60: 0000000000400744     0 FUNC    GLOBAL DEFAULT   15 _fini
<     61: 0000000000000000     0 FUNC    GLOBAL DEFAULT  UND printf@@GLIBC_2.2.5
<     62: 00000000004005f6    34 FUNC    GLOBAL DEFAULT   14 show
<     63: 0000000000000000     0 FUNC    GLOBAL DEFAULT  UND __libc_start_main@@GLIBC_2.2.5
<     64: 0000000000601040     0 NOTYPE  GLOBAL DEFAULT   25 __data_start
<     65: 0000000000000000     0 NOTYPE  WEAK   DEFAULT  UND __gmon_start__
<     66: 0000000000400758     0 OBJECT  GLOBAL HIDDEN    16 __dso_handle
<     67: 0000000000400750     4 OBJECT  GLOBAL DEFAULT   16 _IO_stdin_used
<     68: 00000000004006d0   103 FUNC    GLOBAL DEFAULT   14 __libc_csu_init
<     69: 0000000000601054     4 OBJECT  GLOBAL DEFAULT   26 gVarUninit
<     70: 0000000000601058     0 NOTYPE  GLOBAL DEFAULT   26 _end
<     71: 0000000000400500    42 FUNC    GLOBAL DEFAULT   14 _start
<     72: 000000000060104c     0 NOTYPE  GLOBAL DEFAULT   26 __bss_start
<     73: 0000000000400618   169 FUNC    GLOBAL DEFAULT   14 main
<     74: 0000000000000000     0 NOTYPE  WEAK   DEFAULT  UND _Jv_RegisterClasses
<     75: 0000000000601044     4 OBJECT  GLOBAL DEFAULT   25 gVar
<     76: 0000000000601050     0 OBJECT  GLOBAL HIDDEN    25 __TMC_END__
<     77: 0000000000000000     0 NOTYPE  WEAK   DEFAULT  UND _ITM_registerTMCloneTable
<     78: 0000000000000000     0 FUNC    GLOBAL DEFAULT  UND sleep@@GLIBC_2.2.5
<     79: 0000000000400470     0 FUNC    GLOBAL DEFAULT   11 _init
