size:238,head:remove@/devices/pci0000:00/0000:00:14.0/usb3/3-7/3-7:1.0/input/input33/mouse1
pos:78,ACTION=remove
pos:92,DEVPATH=/devices/pci0000:00/0000:00:14.0/usb3/3-7/3-7:1.0/input/input33/mouse1
pos:171,SUBSYSTEM=input
pos:187,MAJOR=13
pos:196,MINOR=33
pos:205,DEVNAME=input/mouse1
pos:226,SEQNUM=2349

size:241,head:remove@/devices/pci0000:00/0000:00:14.0/usb3/3-7/3-7:1.0/input/input33/event13
pos:79,ACTION=remove
pos:93,DEVPATH=/devices/pci0000:00/0000:00:14.0/usb3/3-7/3-7:1.0/input/input33/event13
pos:173,SUBSYSTEM=input
pos:189,MAJOR=13
pos:198,MINOR=77
pos:207,DEVNAME=input/event13
pos:229,SEQNUM=2350

size:400,head:remove@/devices/pci0000:00/0000:00:14.0/usb3/3-7/3-7:1.0/input/input33
pos:71,ACTION=remove
pos:85,DEVPATH=/devices/pci0000:00/0000:00:14.0/usb3/3-7/3-7:1.0/input/input33
pos:157,SUBSYSTEM=input
pos:173,PRODUCT=3/4f2/718/111
pos:195,NAME="Chicony Chicony wired mouse"
pos:230,PHYS="usb-0000:00:14.0-7/input0"
pos:263,UNIQ=""
pos:271,EV==17
pos:278,KEY==70000 0 0 0 0
pos:297,REL==103
pos:306,MSC==10
pos:314,MODALIAS=input:b0003v04F2p0718e0111-e0,1,2,4,k110,111,112,r0,1,8,am4,lsfw
pos:388,SEQNUM=2351

size:262,head:remove@/devices/pci0000:00/0000:00:14.0/usb3/3-7/3-7:1.0/0003:04F2:0718.0015/hidraw/hidraw0
pos:92,ACTION=remove
pos:106,DEVPATH=/devices/pci0000:00/0000:00:14.0/usb3/3-7/3-7:1.0/0003:04F2:0718.0015/hidraw/hidraw0
pos:199,SUBSYSTEM=hidraw
pos:216,MAJOR=249
pos:226,MINOR=0
pos:234,DEVNAME=hidraw0
pos:250,SEQNUM=2352

size:344,head:remove@/devices/pci0000:00/0000:00:14.0/usb3/3-7/3-7:1.0/0003:04F2:0718.0015
pos:77,ACTION=remove
pos:91,DEVPATH=/devices/pci0000:00/0000:00:14.0/usb3/3-7/3-7:1.0/0003:04F2:0718.0015
pos:169,SUBSYSTEM=hid
pos:183,HID_ID=0003:000004F2:00000718
pos:213,HID_NAME=Chicony Chicony wired mouse
pos:250,HID_PHYS=usb-0000:00:14.0-7/input0
pos:285,HID_UNIQ=
pos:295,MODALIAS=hid:b0003v000004F2p00000718
pos:332,SEQNUM=2353

size:306,head:remove@/devices/pci0000:00/0000:00:14.0/usb3/3-7/3-7:1.0
pos:57,ACTION=remove
pos:71,DEVPATH=/devices/pci0000:00/0000:00:14.0/usb3/3-7/3-7:1.0
pos:129,SUBSYSTEM=usb
pos:143,DEVTYPE=usb_interface
pos:165,DEVICE=/proc/bus/usb/003/025
pos:194,PRODUCT=4f2/718/3
pos:212,TYPE=0/0/0
pos:223,INTERFACE=3/1/2
pos:239,MODALIAS=usb:v04F2p0718d0003dc00dsc00dp00ic03isc01ip02
pos:294,SEQNUM=2354

size:282,head:remove@/devices/pci0000:00/0000:00:14.0/usb3/3-7
pos:49,ACTION=remove
pos:63,DEVPATH=/devices/pci0000:00/0000:00:14.0/usb3/3-7
pos:113,SUBSYSTEM=usb
pos:127,MAJOR=189
pos:137,MINOR=280
pos:147,DEVNAME=bus/usb/003/025
pos:171,DEVTYPE=usb_device
pos:190,DEVICE=/proc/bus/usb/003/025
pos:219,PRODUCT=4f2/718/3
pos:237,TYPE=0/0/0
pos:248,BUSNUM=003
pos:259,DEVNUM=025
pos:270,SEQNUM=2355

size:279,head:add@/devices/pci0000:00/0000:00:14.0/usb3/3-7
pos:46,ACTION=add
pos:57,DEVPATH=/devices/pci0000:00/0000:00:14.0/usb3/3-7
pos:107,SUBSYSTEM=usb
pos:121,MAJOR=189
pos:131,MINOR=281
pos:141,DEVNAME=bus/usb/003/026
pos:165,DEVTYPE=usb_device
pos:184,DEVICE=/proc/bus/usb/003/026
pos:213,PRODUCT=411/110/4000
pos:234,TYPE=0/0/0
pos:245,BUSNUM=003
pos:256,DEVNUM=026
pos:267,SEQNUM=2356

size:304,head:add@/devices/pci0000:00/0000:00:14.0/usb3/3-7/3-7:1.0
pos:54,ACTION=add
pos:65,DEVPATH=/devices/pci0000:00/0000:00:14.0/usb3/3-7/3-7:1.0
pos:123,SUBSYSTEM=usb
pos:137,DEVTYPE=usb_interface
pos:159,DEVICE=/proc/bus/usb/003/026
pos:188,PRODUCT=411/110/4000
pos:209,TYPE=0/0/0
pos:220,INTERFACE=8/6/80
pos:237,MODALIAS=usb:v0411p0110d4000dc00dsc00dp00ic08isc06ip50
pos:292,SEQNUM=2357

size:182,head:add@/devices/pci0000:00/0000:00:14.0/usb3/3-7/3-7:1.0/host10
pos:61,ACTION=add
pos:72,DEVPATH=/devices/pci0000:00/0000:00:14.0/usb3/3-7/3-7:1.0/host10
pos:137,SUBSYSTEM=scsi
pos:152,DEVTYPE=scsi_host
pos:170,SEQNUM=2358

size:203,head:add@/devices/pci0000:00/0000:00:14.0/usb3/3-7/3-7:1.0/host10/scsi_host/host10
pos:78,ACTION=add
pos:89,DEVPATH=/devices/pci0000:00/0000:00:14.0/usb3/3-7/3-7:1.0/host10/scsi_host/host10
pos:171,SUBSYSTEM=scsi_host
pos:191,SEQNUM=2359

size:210,head:add@/devices/pci0000:00/0000:00:14.0/usb3/3-7/3-7:1.0/host10/target10:0:0
pos:74,ACTION=add
pos:85,DEVPATH=/devices/pci0000:00/0000:00:14.0/usb3/3-7/3-7:1.0/host10/target10:0:0
pos:163,SUBSYSTEM=scsi
pos:178,DEVTYPE=scsi_target
pos:198,SEQNUM=2360

size:249,head:add@/devices/pci0000:00/0000:00:14.0/usb3/3-7/3-7:1.0/host10/target10:0:0/10:0:0:0
pos:83,ACTION=add
pos:94,DEVPATH=/devices/pci0000:00/0000:00:14.0/usb3/3-7/3-7:1.0/host10/target10:0:0/10:0:0:0
pos:181,SUBSYSTEM=scsi
pos:196,DEVTYPE=scsi_device
pos:216,MODALIAS=scsi:t-0x00
pos:237,SEQNUM=2361

size:251,head:add@/devices/pci0000:00/0000:00:14.0/usb3/3-7/3-7:1.0/host10/target10:0:0/10:0:0:0/scsi_disk/10:0:0:0
pos:102,ACTION=add
pos:113,DEVPATH=/devices/pci0000:00/0000:00:14.0/usb3/3-7/3-7:1.0/host10/target10:0:0/10:0:0:0/scsi_disk/10:0:0:0
pos:219,SUBSYSTEM=scsi_disk
pos:239,SEQNUM=2362

size:257,head:add@/devices/pci0000:00/0000:00:14.0/usb3/3-7/3-7:1.0/host10/target10:0:0/10:0:0:0/scsi_device/10:0:0:0
pos:104,ACTION=add
pos:115,DEVPATH=/devices/pci0000:00/0000:00:14.0/usb3/3-7/3-7:1.0/host10/target10:0:0/10:0:0:0/scsi_device/10:0:0:0
pos:223,SUBSYSTEM=scsi_device
pos:245,SEQNUM=2363

size:101,head:add@/devices/virtual/bdi/8:16
pos:30,ACTION=add
pos:41,DEVPATH=/devices/virtual/bdi/8:16
pos:75,SUBSYSTEM=bdi
pos:89,SEQNUM=2364

size:279,head:add@/devices/pci0000:00/0000:00:14.0/usb3/3-7/3-7:1.0/host10/target10:0:0/10:0:0:0/scsi_generic/sg1
pos:100,ACTION=add
pos:111,DEVPATH=/devices/pci0000:00/0000:00:14.0/usb3/3-7/3-7:1.0/host10/target10:0:0/10:0:0:0/scsi_generic/sg1
pos:215,SUBSYSTEM=scsi_generic
pos:238,MAJOR=21
pos:247,MINOR=1
pos:255,DEVNAME=sg1
pos:267,SEQNUM=2365

size:272,head:add@/devices/pci0000:00/0000:00:14.0/usb3/3-7/3-7:1.0/host10/target10:0:0/10:0:0:0/bsg/10:0:0:0
pos:96,ACTION=add
pos:107,DEVPATH=/devices/pci0000:00/0000:00:14.0/usb3/3-7/3-7:1.0/host10/target10:0:0/10:0:0:0/bsg/10:0:0:0
pos:207,SUBSYSTEM=bsg
pos:221,MAJOR=251
pos:231,MINOR=1
pos:239,DEVNAME=bsg/10:0:0:0
pos:260,SEQNUM=2366

size:285,head:change@/devices/pci0000:00/0000:00:14.0/usb3/3-7/3-7:1.0/host10/target10:0:0/10:0:0:0
pos:86,ACTION=change
pos:100,DEVPATH=/devices/pci0000:00/0000:00:14.0/usb3/3-7/3-7:1.0/host10/target10:0:0/10:0:0:0
pos:187,SUBSYSTEM=scsi
pos:202,SDEV_MEDIA_CHANGE=1
pos:222,DEVTYPE=scsi_device
pos:242,DRIVER=sd
pos:252,MODALIAS=scsi:t-0x00
pos:273,SEQNUM=2367

size:271,head:add@/devices/pci0000:00/0000:00:14.0/usb3/3-7/3-7:1.0/host10/target10:0:0/10:0:0:0/block/sdb
pos:93,ACTION=add
pos:104,DEVPATH=/devices/pci0000:00/0000:00:14.0/usb3/3-7/3-7:1.0/host10/target10:0:0/10:0:0:0/block/sdb
pos:201,SUBSYSTEM=block
pos:217,MAJOR=8
pos:225,MINOR=16
pos:234,DEVNAME=sdb
pos:246,DEVTYPE=disk
pos:259,SEQNUM=2368

size:287,head:add@/devices/pci0000:00/0000:00:14.0/usb3/3-7/3-7:1.0/host10/target10:0:0/10:0:0:0/block/sdb/sdb1
pos:98,ACTION=add
pos:109,DEVPATH=/devices/pci0000:00/0000:00:14.0/usb3/3-7/3-7:1.0/host10/target10:0:0/10:0:0:0/block/sdb/sdb1
pos:211,SUBSYSTEM=block
pos:227,MAJOR=8
pos:235,MINOR=17
pos:244,DEVNAME=sdb1
pos:257,DEVTYPE=partition
pos:275,SEQNUM=2369

size:278,head:remove@/devices/pci0000:00/0000:00:14.0/usb3/3-7/3-7:1.0/host10/target10:0:0/10:0:0:0/bsg/10:0:0:0
pos:99,ACTION=remove
pos:113,DEVPATH=/devices/pci0000:00/0000:00:14.0/usb3/3-7/3-7:1.0/host10/target10:0:0/10:0:0:0/bsg/10:0:0:0
pos:213,SUBSYSTEM=bsg
pos:227,MAJOR=251
pos:237,MINOR=1
pos:245,DEVNAME=bsg/10:0:0:0
pos:266,SEQNUM=2370

size:285,head:remove@/devices/pci0000:00/0000:00:14.0/usb3/3-7/3-7:1.0/host10/target10:0:0/10:0:0:0/scsi_generic/sg1
pos:103,ACTION=remove
pos:117,DEVPATH=/devices/pci0000:00/0000:00:14.0/usb3/3-7/3-7:1.0/host10/target10:0:0/10:0:0:0/scsi_generic/sg1
pos:221,SUBSYSTEM=scsi_generic
pos:244,MAJOR=21
pos:253,MINOR=1
pos:261,DEVNAME=sg1
pos:273,SEQNUM=2371

size:263,head:remove@/devices/pci0000:00/0000:00:14.0/usb3/3-7/3-7:1.0/host10/target10:0:0/10:0:0:0/scsi_device/10:0:0:0
pos:107,ACTION=remove
pos:121,DEVPATH=/devices/pci0000:00/0000:00:14.0/usb3/3-7/3-7:1.0/host10/target10:0:0/10:0:0:0/scsi_device/10:0:0:0
pos:229,SUBSYSTEM=scsi_device
pos:251,SEQNUM=2372

size:257,head:remove@/devices/pci0000:00/0000:00:14.0/usb3/3-7/3-7:1.0/host10/target10:0:0/10:0:0:0/scsi_disk/10:0:0:0
pos:105,ACTION=remove
pos:119,DEVPATH=/devices/pci0000:00/0000:00:14.0/usb3/3-7/3-7:1.0/host10/target10:0:0/10:0:0:0/scsi_disk/10:0:0:0
pos:225,SUBSYSTEM=scsi_disk
pos:245,SEQNUM=2373

size:293,head:remove@/devices/pci0000:00/0000:00:14.0/usb3/3-7/3-7:1.0/host10/target10:0:0/10:0:0:0/block/sdb/sdb1
pos:101,ACTION=remove
pos:115,DEVPATH=/devices/pci0000:00/0000:00:14.0/usb3/3-7/3-7:1.0/host10/target10:0:0/10:0:0:0/block/sdb/sdb1
pos:217,SUBSYSTEM=block
pos:233,MAJOR=8
pos:241,MINOR=17
pos:250,DEVNAME=sdb1
pos:263,DEVTYPE=partition
pos:281,SEQNUM=2374

size:107,head:remove@/devices/virtual/bdi/8:16
pos:33,ACTION=remove
pos:47,DEVPATH=/devices/virtual/bdi/8:16
pos:81,SUBSYSTEM=bdi
pos:95,SEQNUM=2375

size:277,head:remove@/devices/pci0000:00/0000:00:14.0/usb3/3-7/3-7:1.0/host10/target10:0:0/10:0:0:0/block/sdb
pos:96,ACTION=remove
pos:110,DEVPATH=/devices/pci0000:00/0000:00:14.0/usb3/3-7/3-7:1.0/host10/target10:0:0/10:0:0:0/block/sdb
pos:207,SUBSYSTEM=block
pos:223,MAJOR=8
pos:231,MINOR=16
pos:240,DEVNAME=sdb
pos:252,DEVTYPE=disk
pos:265,SEQNUM=2376

size:255,head:remove@/devices/pci0000:00/0000:00:14.0/usb3/3-7/3-7:1.0/host10/target10:0:0/10:0:0:0
pos:86,ACTION=remove
pos:100,DEVPATH=/devices/pci0000:00/0000:00:14.0/usb3/3-7/3-7:1.0/host10/target10:0:0/10:0:0:0
pos:187,SUBSYSTEM=scsi
pos:202,DEVTYPE=scsi_device
pos:222,MODALIAS=scsi:t-0x00
pos:243,SEQNUM=2377

size:209,head:remove@/devices/pci0000:00/0000:00:14.0/usb3/3-7/3-7:1.0/host10/scsi_host/host10
pos:81,ACTION=remove
pos:95,DEVPATH=/devices/pci0000:00/0000:00:14.0/usb3/3-7/3-7:1.0/host10/scsi_host/host10
pos:177,SUBSYSTEM=scsi_host
pos:197,SEQNUM=2378

size:188,head:remove@/devices/pci0000:00/0000:00:14.0/usb3/3-7/3-7:1.0/host10
pos:64,ACTION=remove
pos:78,DEVPATH=/devices/pci0000:00/0000:00:14.0/usb3/3-7/3-7:1.0/host10
pos:143,SUBSYSTEM=scsi
pos:158,DEVTYPE=scsi_host
pos:176,SEQNUM=2379

size:310,head:remove@/devices/pci0000:00/0000:00:14.0/usb3/3-7/3-7:1.0
pos:57,ACTION=remove
pos:71,DEVPATH=/devices/pci0000:00/0000:00:14.0/usb3/3-7/3-7:1.0
pos:129,SUBSYSTEM=usb
pos:143,DEVTYPE=usb_interface
pos:165,DEVICE=/proc/bus/usb/003/026
pos:194,PRODUCT=411/110/4000
pos:215,TYPE=0/0/0
pos:226,INTERFACE=8/6/80
pos:243,MODALIAS=usb:v0411p0110d4000dc00dsc00dp00ic08isc06ip50
pos:298,SEQNUM=2380

size:285,head:remove@/devices/pci0000:00/0000:00:14.0/usb3/3-7
pos:49,ACTION=remove
pos:63,DEVPATH=/devices/pci0000:00/0000:00:14.0/usb3/3-7
pos:113,SUBSYSTEM=usb
pos:127,MAJOR=189
pos:137,MINOR=281
pos:147,DEVNAME=bus/usb/003/026
pos:171,DEVTYPE=usb_device
pos:190,DEVICE=/proc/bus/usb/003/026
pos:219,PRODUCT=411/110/4000
pos:240,TYPE=0/0/0
pos:251,BUSNUM=003
pos:262,DEVNUM=026
pos:273,SEQNUM=2381

size:118,head:remove@/host10/target10:0:0
pos:28,ACTION=remove
pos:42,DEVPATH=/host10/target10:0:0
pos:71,SUBSYSTEM=scsi
pos:86,DEVTYPE=scsi_target
pos:106,SEQNUM=2382

size:276,head:add@/devices/pci0000:00/0000:00:14.0/usb3/3-7
pos:46,ACTION=add
pos:57,DEVPATH=/devices/pci0000:00/0000:00:14.0/usb3/3-7
pos:107,SUBSYSTEM=usb
pos:121,MAJOR=189
pos:131,MINOR=282
pos:141,DEVNAME=bus/usb/003/027
pos:165,DEVTYPE=usb_device
pos:184,DEVICE=/proc/bus/usb/003/027
pos:213,PRODUCT=4f2/718/3
pos:231,TYPE=0/0/0
pos:242,BUSNUM=003
pos:253,DEVNUM=027
pos:264,SEQNUM=2383

size:300,head:add@/devices/pci0000:00/0000:00:14.0/usb3/3-7/3-7:1.0
pos:54,ACTION=add
pos:65,DEVPATH=/devices/pci0000:00/0000:00:14.0/usb3/3-7/3-7:1.0
pos:123,SUBSYSTEM=usb
pos:137,DEVTYPE=usb_interface
pos:159,DEVICE=/proc/bus/usb/003/027
pos:188,PRODUCT=4f2/718/3
pos:206,TYPE=0/0/0
pos:217,INTERFACE=3/1/2
pos:233,MODALIAS=usb:v04F2p0718d0003dc00dsc00dp00ic03isc01ip02
pos:288,SEQNUM=2384

size:338,head:add@/devices/pci0000:00/0000:00:14.0/usb3/3-7/3-7:1.0/0003:04F2:0718.0016
pos:74,ACTION=add
pos:85,DEVPATH=/devices/pci0000:00/0000:00:14.0/usb3/3-7/3-7:1.0/0003:04F2:0718.0016
pos:163,SUBSYSTEM=hid
pos:177,HID_ID=0003:000004F2:00000718
pos:207,HID_NAME=Chicony Chicony wired mouse
pos:244,HID_PHYS=usb-0000:00:14.0-7/input0
pos:279,HID_UNIQ=
pos:289,MODALIAS=hid:b0003v000004F2p00000718
pos:326,SEQNUM=2385

size:394,head:add@/devices/pci0000:00/000