ssl_create_cipher_list() for 122 ciphers
	0: ECDH-RSA-AES256-GCM-SHA384 300c032 20 10
	1: ECDH-RSA-AES128-GCM-SHA256 300c031 20 10
	2: ECDHE-RSA-AES256-GCM-SHA384 300c030 80 1
	3: ECDHE-RSA-AES128-GCM-SHA256 300c02f 80 1
	4: ECDH-ECDSA-AES256-GCM-SHA384 300c02e 40 10
	5: ECDH-ECDSA-AES128-GCM-SHA256 300c02d 40 10
	6: ECDHE-ECDSA-AES256-GCM-SHA384 300c02c 80 40
	7: ECDHE-ECDSA-AES128-GCM-SHA256 300c02b 80 40
	8: ECDH-RSA-AES256-SHA384 300c02a 20 10
	9: ECDH-RSA-AES128-SHA256 300c029 20 10
	10: ECDHE-RSA-AES256-SHA384 300c028 80 1
	11: ECDHE-RSA-AES128-SHA256 300c027 80 1
	12: ECDH-ECDSA-AES256-SHA384 300c026 40 10
	13: ECDH-ECDSA-AES128-SHA256 300c025 40 10
	14: ECDHE-ECDSA-AES256-SHA384 300c024 80 40
	15: ECDHE-ECDSA-AES128-SHA256 300c023 80 40
	16: AECDH-AES256-SHA 300c019 80 4
	17: AECDH-AES128-SHA 300c018 80 4
	18: AECDH-DES-CBC3-SHA 300c017 80 4
	19: AECDH-RC4-SHA 300c016 80 4
	20: AECDH-NULL-SHA 300c015 80 4
	21: ECDHE-RSA-AES256-SHA 300c014 80 1
	22: ECDHE-RSA-AES128-SHA 300c013 80 1
	23: ECDHE-RSA-DES-CBC3-SHA 300c012 80 1
	24: ECDHE-RSA-RC4-SHA 300c011 80 1
	25: ECDHE-RSA-NULL-SHA 300c010 80 1
	26: ECDH-RSA-AES256-SHA 300c00f 20 10
	27: ECDH-RSA-AES128-SHA 300c00e 20 10
	28: ECDH-RSA-DES-CBC3-SHA 300c00d 20 10
	29: ECDH-RSA-RC4-SHA 300c00c 20 10
	30: ECDH-RSA-NULL-SHA 300c00b 20 10
	31: ECDHE-ECDSA-AES256-SHA 300c00a 80 40
	32: ECDHE-ECDSA-AES128-SHA 300c009 80 40
	33: ECDHE-ECDSA-DES-CBC3-SHA 300c008 80 40
	34: ECDHE-ECDSA-RC4-SHA 300c007 80 40
	35: ECDHE-ECDSA-NULL-SHA 300c006 80 40
	36: ECDH-ECDSA-AES256-SHA 300c005 40 10
	37: ECDH-ECDSA-AES128-SHA 300c004 40 10
	38: ECDH-ECDSA-DES-CBC3-SHA 300c003 40 10
	39: ECDH-ECDSA-RC4-SHA 300c002 40 10
	40: ECDH-ECDSA-NULL-SHA 300c001 40 10
	41: ADH-AES256-GCM-SHA384 30000a7 8 4
	42: ADH-AES128-GCM-SHA256 30000a6 8 4
	43: DH-DSS-AES256-GCM-SHA384 30000a5 4 8
	44: DH-DSS-AES128-GCM-SHA256 30000a4 4 8
	45: DHE-DSS-AES256-GCM-SHA384 30000a3 8 2
	46: DHE-DSS-AES128-GCM-SHA256 30000a2 8 2
	47: DH-RSA-AES256-GCM-SHA384 30000a1 2 8
	48: DH-RSA-AES128-GCM-SHA256 30000a0 2 8
	49: DHE-RSA-AES256-GCM-SHA384 300009f 8 1
	50: DHE-RSA-AES128-GCM-SHA256 300009e 8 1
	51: AES256-GCM-SHA384 300009d 1 1
	52: AES128-GCM-SHA256 300009c 1 1
	53: ADH-SEED-SHA 300009b 8 4
	54: DHE-RSA-SEED-SHA 300009a 8 1
	55: DHE-DSS-SEED-SHA 3000099 8 2
	56: DH-RSA-SEED-SHA 3000098 2 8
	57: DH-DSS-SEED-SHA 3000097 4 8
	58: SEED-SHA 3000096 1 1
	59: PSK-AES256-CBC-SHA 300008d 100 80
	60: PSK-AES128-CBC-SHA 300008c 100 80
	61: PSK-3DES-EDE-CBC-SHA 300008b 100 80
	62: PSK-RC4-SHA 300008a 100 80
	63: ADH-CAMELLIA256-SHA 3000089 8 4
	64: DHE-RSA-CAMELLIA256-SHA 3000088 8 1
	65: DHE-DSS-CAMELLIA256-SHA 3000087 8 2
	66: DH-RSA-CAMELLIA256-SHA 3000086 2 8
	67: DH-DSS-CAMELLIA256-SHA 3000085 4 8
	68: CAMELLIA256-SHA 3000084 1 1
	73: ADH-AES256-SHA256 300006d 8 4
	74: ADH-AES128-SHA256 300006c 8 4
	75: DHE-RSA-AES256-SHA256 300006b 8 1
	76: DHE-DSS-AES256-SHA256 300006a 8 2
	77: DH-RSA-AES256-SHA256 3000069 2 8
	78: DH-DSS-AES256-SHA256 3000068 4 8
	79: DHE-RSA-AES128-SHA256 3000067 8 1
	80: ADH-CAMELLIA128-SHA 3000046 8 4
	81: DHE-RSA-CAMELLIA128-SHA 3000045 8 1
	82: DHE-DSS-CAMELLIA128-SHA 3000044 8 2
	83: DH-RSA-CAMELLIA128-SHA 3000043 2 8
	84: DH-DSS-CAMELLIA128-SHA 3000042 4 8
	85: CAMELLIA128-SHA 3000041 1 1
	86: DHE-DSS-AES128-SHA256 3000040 8 2
	87: DH-RSA-AES128-SHA256 300003f 2 8
	88: DH-DSS-AES128-SHA256 300003e 4 8
	89: AES256-SHA256 300003d 1 1
	90: AES128-SHA256 300003c 1 1
	91: NULL-SHA256 300003b 1 1
	92: ADH-AES256-SHA 300003a 8 4
	93: DHE-RSA-AES256-SHA 3000039 8 1
	94: DHE-DSS-AES256-SHA 3000038 8 2
	95: DH-RSA-AES256-SHA 3000037 2 8
	96: DH-DSS-AES256-SHA 3000036 4 8
	97: AES256-SHA 3000035 1 1
	98: ADH-AES128-SHA 3000034 8 4
	99: DHE-RSA-AES128-SHA 3000033 8 1
	100: DHE-DSS-AES128-SHA 3000032 8 2
	101: DH-RSA-AES128-SHA 3000031 2 8
	102: DH-DSS-AES128-SHA 3000030 4 8
	103: AES128-SHA 300002f 1 1
	104: KRB5-IDEA-CBC-MD5 3000025 10 20
	105: KRB5-RC4-MD5 3000024 10 20
	106: KRB5-DES-CBC3-MD5 3000023 10 20
	107: KRB5-IDEA-CBC-SHA 3000021 10 20
	108: KRB5-RC4-SHA 3000020 10 20
	109: KRB5-DES-CBC3-SHA 300001f 10 20
	110: ADH-DES-CBC3-SHA 300001b 8 4
	111: ADH-RC4-MD5 3000018 8 4
	112: EDH-RSA-DES-CBC3-SHA 3000016 8 1
	113: EDH-DSS-DES-CBC3-SHA 3000013 8 2
	114: DH-RSA-DES-CBC3-SHA 3000010 2 8
	115: DH-DSS-DES-CBC3-SHA 300000d 4 8
	116: DES-CBC3-SHA 300000a 1 1
	117: IDEA-CBC-SHA 3000007 1 1
	118: RC4-SHA 3000005 1 1
	119: RC4-MD5 3000004 1 1
	120: NULL-SHA 3000002 1 1
	121: NULL-MD5 3000001 1 1
ssl_create_cipher_list() for 122 ciphers
	0: ECDH-RSA-AES256-GCM-SHA384 300c032 20 10
	1: ECDH-RSA-AES128-GCM-SHA256 300c031 20 10
	2: ECDHE-RSA-AES256-GCM-SHA384 300c030 80 1
	3: ECDHE-RSA-AES128-GCM-SHA256 300c02f 80 1
	4: ECDH-ECDSA-AES256-GCM-SHA384 300c02e 40 10
	5: ECDH-ECDSA-AES128-GCM-SHA256 300c02d 40 10
	6: ECDHE-ECDSA-AES256-GCM-SHA384 300c02c 80 40
	7: ECDHE-ECDSA-AES128-GCM-SHA256 300c02b 80 40
	8: ECDH-RSA-AES256-SHA384 300c02a 20 10
	9: ECDH-RSA-AES128-SHA256 300c029 20 10
	10: ECDHE-RSA-AES256-SHA384 300c028 80 1
	11: ECDHE-RSA-AES128-SHA256 300c027 80 1
	12: ECDH-ECDSA-AES256-SHA384 300c026 40 10
	13: ECDH-ECDSA-AES128-SHA256 300c025 40 10
	14: ECDHE-ECDSA-AES256-SHA384 300c024 80 40
	15: ECDHE-ECDSA-AES128-SHA256 300c023 80 40
	16: AECDH-AES256-SHA 300c019 80 4
	17: AECDH-AES128-SHA 300c018 80 4
	18: AECDH-DES-CBC3-SHA 300c017 80 4
	19: AECDH-RC4-SHA 300c016 80 4
	20: AECDH-NULL-SHA 300c015 80 4
	21: ECDHE-RSA-AES256-SHA 300c014 80 1
	22: ECDHE-RSA-AES128-SHA 300c013 80 1
	23: ECDHE-RSA-DES-CBC3-SHA 300c012 80 1
	24: ECDHE-RSA-RC4-SHA 300c011 80 1
	25: ECDHE-RSA-NULL-SHA 300c010 80 1
	26: ECDH-RSA-AES256-SHA 300c00f 20 10
	27: ECDH-RSA-AES128-SHA 300c00e 20 10
	28: ECDH-RSA-DES-CBC3-SHA 300c00d 20 10
	29: ECDH-RSA-RC4-SHA 300c00c 20 10
	30: ECDH-RSA-NULL-SHA 300c00b 20 10
	31: ECDHE-ECDSA-AES256-SHA 300c00a 80 40
	32: ECDHE-ECDSA-AES128-SHA 300c009 80 40
	33: ECDHE-ECDSA-DES-CBC3-SHA 300c008 80 40
	34: ECDHE-ECDSA-RC4-SHA 300c007 80 40
	35: ECDHE-ECDSA-NULL-SHA 300c006 80 40
	36: ECDH-ECDSA-AES256-SHA 300c005 40 10
	37: ECDH-ECDSA-AES128-SHA 300c004 40 10
	38: ECDH-ECDSA-DES-CBC3-SHA 300c003 40 10
	39: ECDH-ECDSA-RC4-SHA 300c002 40 10
	40: ECDH-ECDSA-NULL-SHA 300c001 40 10
	41: ADH-AES256-GCM-SHA384 30000a7 8 4
	42: ADH-AES128-GCM-SHA256 30000a6 8 4
	43: DH-DSS-AES256-GCM-SHA384 30000a5 4 8
	44: DH-DSS-AES128-GCM-SHA256 30000a4 4 8
	45: DHE-DSS-AES256-GCM-SHA384 30000a3 8 2
	46: DHE-DSS-AES128-GCM-SHA256 30000a2 8 2
	47: DH-RSA-AES256-GCM-SHA384 30000a1 2 8
	48: DH-RSA-AES128-GCM-SHA256 30000a0 2 8
	49: DHE-RSA-AES256-GCM-SHA384 300009f 8 1
	50: DHE-RSA-AES128-GCM-SHA256 300009e 8 1
	51: AES256-GCM-SHA384 300009d 1 1
	52: AES128-GCM-SHA256 300009c 1 1
	53: ADH-SEED-SHA 300009b 8 4
	54: DHE-RSA-SEED-SHA 300009a 8 1
	55: DHE-DSS-SEED-SHA 3000099 8 2
	56: DH-RSA-SEED-SHA 3000098 2 8
	57: DH-DSS-SEED-SHA 3000097 4 8
	58: SEED-SHA 3000096 1 1
	59: PSK-AES256-CBC-SHA 300008d 100 80
	60: PSK-AES128-CBC-SHA 300008c 100 80
	61: PSK-3DES-EDE-CBC-SHA 300008b 100 80
	62: PSK-RC4-SHA 300008a 100 80
	63: ADH-CAMELLIA256-SHA 3000089 8 4
	64: DHE-RSA-CAMELLIA256-SHA 3000088 8 1
	65: DHE-DSS-CAMELLIA256-SHA 3000087 8 2
	66: DH-RSA-CAMELLIA256-SHA 3000086 2 8
	67: DH-DSS-CAMELLIA256-SHA 3000085 4 8
	68: CAMELLIA256-SHA 3000084 1 1
	73: ADH-AES256-SHA256 300006d 8 4
	74: ADH-AES128-SHA256 300006c 8 4
	75: DHE-RSA-AES256-SHA256 300006b 8 1
	76: DHE-DSS-AES256-SHA256 300006a 8 2
	77: DH-RSA-AES256-SHA256 3000069 2 8
	78: DH-DSS-AES256-SHA256 3000068 4 8
	79: DHE-RSA-AES128-SHA256 3000067 8 1
	80: ADH-CAMELLIA128-SHA 3000046 8 4
	81: DHE-RSA-CAMELLIA128-SHA 3000045 8 1
	82: DHE-DSS-CAMELLIA128-SHA 3000044 8 2
	83: DH-RSA-CAMELLIA128-SHA 3000043 2 8
	84: DH-DSS-CAMELLIA128-SHA 3000042 4 8
	85: CAMELLIA128-SHA 3000041 1 1
	86: DHE-DSS-AES128-SHA256 3000040 8 2
	87: DH-RSA-AES128-SHA256 300003f 2 8
	88: DH-DSS-AES128-SHA256 300003e 4 8
	89: AES256-SHA256 300003d 1 1
	90: AES128-SHA256 300003c 1 1
	91: NULL-SHA256 300003b 1 1
	92: ADH-AES256-SHA 300003a 8 4
	93: DHE-RSA-AES256-SHA 3000039 8 1
	94: DHE-DSS-AES256-SHA 3000038 8 2
	95: DH-RSA-AES256-SHA 3000037 2 8
	96: DH-DSS-AES256-SHA 3000036 4 8
	97: AES256-SHA 3000035 1 1
	98: ADH-AES128-SHA 3000034 8 4
	99: DHE-RSA-AES128-SHA 3000033 8 1
	100: DHE-DSS-AES128-SHA 3000032 8 2
	101: DH-RSA-AES128-SHA 3000031 2 8
	102: DH-DSS-AES128-SHA 3000030 4 8
	103: AES128-SHA 300002f 1 1
	104: KRB5-IDEA-CBC-MD5 3000025 10 20
	105: KRB5-RC4-MD5 3000024 10 20
	106: KRB5-DES-CBC3-MD5 3000023 10 20
	107: KRB5-IDEA-CBC-SHA 3000021 10 20
	108: KRB5-RC4-SHA 3000020 10 20
	109: KRB5-DES-CBC3-SHA 300001f 10 20
	110: ADH-DES-CBC3-SHA 300001b 8 4
	111: ADH-RC4-MD5 3000018 8 4
	112: EDH-RSA-DES-CBC3-SHA 3000016 8 1
	113: EDH-DSS-DES-CBC3-SHA 3000013 8 2
	114: DH-RSA-DES-CBC3-SHA 3000010 2 8
	115: DH-DSS-DES-CBC3-SHA 300000d 4 8
	116: DES-CBC3-SHA 300000a 1 1
	117: IDEA-CBC-SHA 3000007 1 1
	118: RC4-SHA 3000005 1 1
	119: RC4-MD5 3000004 1 1
	120: NULL-SHA 3000002 1 1
	121: NULL-MD5 3000001 1 1
tls1_enc(0)
tls1_enc(1)
tls1_enc(1)
tls1_enc(1)
tls1_enc(0)
tls1_generate_master_secret(0x142af60,0x143d8d4, 0x142d826, 48)
tls1_generate_master_secret() complete
tls1_enc(0)
tls1_setup_key_block()
tls1_generate_key_block() ==> 48 byte master_key =
	DF53B5A53BBAEFB36B0B57319EFEBEC1300DAB1180E6D91580BBCA7176541F832752835B81C12625387D85B4D88467B2
tls1_change_cipher_state(which= 33) w/
	alg= 1/1, comp= (nil)
	evp_cipher == 0x7f5376181480 ==? &d_cbc_ede_cipher3
	evp_cipher: nid, blksz= 895, 1, keylen=16, ivlen=12
	key_block: len= 56, data= 60c31b1df87adf61313979f0e732b3ade63cc8432007da90a6d3ae4bf78f33ad86ea9a82e522b0df154d39e1766bbee191fd5ca5be879b8a
EVP_CipherInit_ex(dd,c,key=,iv=,which)
	key= 60c31b1df87adf61313979f0e732b3ad
	 iv= 86ea9a82e522b0df154d39e1
tls1_enc(0)
newSeq:
0000000000000001
ADD:
00000000000000001603030028
pad 16
EVP_Cipher(ds=0x143efa0,rec->data=0x1432d88,rec->input=0x1432d88,l=40) ==>
	EVP_CIPHER_CTX: 0 buf_len, 16 key_len [8 128], 12 iv_len
		IV: 86EA9A820000000000000000
	rec->input= bf 24 36 0d 64 24 d7 cd a4 1b 9d 72 f3 f5 14 26 9b b3 59 8d a6 96 4a 6c a8 e7 2d 77 00 23 ca a5 ac 56 75 6a b9 56 71 24
	rec->data= 14 00 00 0c 68 92 d3 93 b3 39 81 45 96 ed de f8 a8 e7 2d 77 00 23 ca a5 ac 56 75 6a b9 56 71 24 06 0a 84 36 52 b0 16 be
tls1_enc(1)
tls1_setup_key_block()
tls1_enc(1)
tls1_change_cipher_state(which= 34) w/
	alg= 1/1, comp= (nil)
	evp_cipher == 0x7f5376181480 ==? &d_cbc_ede_cipher3
	evp_cipher: nid, blksz= 895, 1, keylen=16, ivlen=12
	key_block: len= 56, data= 60c31b1df87adf61313979f0e732b3ade63cc8432007da90a6d3ae4bf78f33ad86ea9a82e522b0df154d39e1766bbee191fd5ca5be879b8a
EVP_CipherInit_ex(dd,c,key=,iv=,which)
	key= e63cc8432007da90a6d3ae4bf78f33ad
	 iv= e522b0df154d39e1766bbee1
tls1_enc(1)
newSeq:
0000000000000001
ADD:
00000000000000001603030018
pad 16
EVP_Cipher(ds=0x143f270,rec->data=0x14372d8,rec->input=0x14372d8,l=40) ==>
	EVP_CIPHER_CTX: 0 buf_len, 16 key_len [8 128], 12 iv_len
		IV: E522B0DF4B3027057AA0726C
	rec->input= 01 00 00 a6 00 00 01 2c 14 00 00 0c 47 2f 5a 3d 9c fb 82 2d 95 34 9e c6 34 4a c2 06 31 67 72 8c 79 97 26 47 c4 bd c3 5a
	rec->data= 4b 30 27 05 7a a0 72 6c 7c 61 c5 a3 ad 45 20 2e ef 4c e4 2c 53 d3 38 7b 17 b7 bf 91 0e 93 d1 21 4e 07 fa 35 27 ee cc 64
tls1_enc(1)				#server->client
newSeq:
0000000000000002
ADD:
00000000000000011703030016
pad 16
EVP_Cipher(ds=0x143f270,rec->data=0x14372d8,rec->input=0x14372d8,l=38) ==>
	EVP_CIPHER_CTX: 0 buf_len, 16 key_len [8 128], 12 iv_len
		IV: E522B0DF
		    4B3027057AA0726D
	rec->input= 4b 30 27 05 7a a0 72 6c 
		    73 65 72 76 65 72 2d 3e 63 6c 69 65 6e 74	38 
		    7b 17 b7 bf 91 0e 93 d1 21 4e 07 fa 35 27 ee
	rec->data=  4b 30 27 05 7a a0 72 6d 
		    ae 61 27 d8 aa 8c 7d f5 23 a1 57 d5 3f b0 c8 
		    d1 7f 1e 54 d4 53 a3 9f 25 0d 4c ff a2 56 55
tls1_enc(0)
newSeq:
0000000000000002
ADD:
0000000000000001170303002b
pad 16
EVP_Cipher(ds=0x143efa0,rec->data=0x1432d88,rec->input=0x1432d88,l=43) ==>
	EVP_CIPHER_CTX: 0 buf_len, 16 key_len [8 128], 12 iv_len
		IV: 86EA9A82BF24360D6424D7CD
	rec->input= bf 24 36 0d 64 24 d7 ce 90 7a fb cf cf 39 00 fe 55 63 05 7a 0d 75 ec 44 81 ea 11 fe 82 24 2d b8 93 fb e2 f9 27 19 12 62 2c e1 18
	rec->data= 66 72 6f 6d 20 63 6c 69 65 6e 74 2d 3e 73 65 72 76 65 72 fe 82 24 2d b8 93 fb e2 f9 27 19 12 62 2c e1 18 36 52 b0 16 be 65 5e 44
tls1_enc(1)
newSeq:
0000000000000003
ADD:
0000000000000002150303000a
pad 16
EVP_Cipher(ds=0x143f270,rec->data=0x14372d8,rec->input=0x14372d8,l=26) ==>
	EVP_CIPHER_CTX: 0 buf_len, 16 key_len [8 128], 12 iv_len
		IV: E522B0DF4B3027057AA0726E
	rec->input= 4b 30 27 05 7a a0 72 6d 01 00 27 d8 aa 8c 7d f5 23 a1 57 d5 3f b0 c8 d1 7f 1e
	rec->data= 4b 30 27 05 7a a0 72 6e 41 3a 10 b1 85 c9 80 e0 0e 6b 1b de ce 34 fc 71 cc 75
