This file contains any messages produced by compilers while
running configure, to aid debugging if configure makes a mistake.

It was created by hello configure 2.0, which was
generated by GNU Autoconf 2.69.  Invocation command line was

  $ ./configure --prefix=/root/noteGit/gnu/automake/autoreconf/pInstall --no-create --no-recursion

## --------- ##
## Platform. ##
## --------- ##

hostname = rowanInspur
uname -m = x86_64
uname -r = 4.11.8-300.fc26.x86_64
uname -s = Linux
uname -v = #1 SMP Thu Jun 29 20:09:48 UTC 2017

/usr/bin/uname -p = x86_64
/bin/uname -X     = unknown

/bin/arch              = x86_64
/usr/bin/arch -k       = unknown
/usr/convex/getsysinfo = unknown
/usr/bin/hostinfo      = unknown
/bin/machine           = unknown
/usr/bin/oslevel       = unknown
/bin/universe          = unknown

PATH: /home/pangwz/tools/toolsMisc/shell/bin
PATH: /usr/local/bin
PATH: /usr/bin
PATH: /root/bin
PATH: /usr/local/sbin
PATH: /usr/sbin
PATH: /root/toolsmisc/shell/bin


## ----------- ##
## Core tests. ##
## ----------- ##

configure:1838: checking for a BSD-compatible install
configure:1906: result: /usr/bin/install -c
configure:1917: checking whether build environment is sane
configure:1972: result: yes
configure:2123: checking for a thread-safe mkdir -p
configure:2162: result: /usr/bin/mkdir -p
configure:2169: checking for gawk
configure:2185: found /usr/bin/gawk
configure:2196: result: gawk
configure:2207: checking whether make sets $(MAKE)
configure:2229: result: yes
configure:2258: checking whether make supports nested variables
configure:2275: result: yes
configure:2449: checking for gcc
configure:2465: found /usr/bin/gcc
configure:2476: result: gcc
configure:2705: checking for C compiler version
configure:2714: gcc --version >&5
gcc (GCC) 7.1.1 20170622 (Red Hat 7.1.1-3)
Copyright (C) 2017 Free Software Foundation, Inc.
This is free software; see the source for copying conditions.  There is NO
warranty; not even for MERCHANTABILITY or FITNESS FOR A PARTICULAR PURPOSE.

configure:2725: $? = 0
configure:2714: gcc -v >&5
Using built-in specs.
COLLECT_GCC=gcc
COLLECT_LTO_WRAPPER=/usr/libexec/gcc/x86_64-redhat-linux/7/lto-wrapper
OFFLOAD_TARGET_NAMES=nvptx-none
OFFLOAD_TARGET_DEFAULT=1
Target: x86_64-redhat-linux
Configured with: ../configure --enable-bootstrap --enable-languages=c,c++,objc,obj-c++,fortran,ada,go,lto --prefix=/usr --mandir=/usr/share/man --infodir=/usr/share/info --with-bugurl=http://bugzilla.redhat.com/bugzilla --enable-shared --enable-threads=posix --enable-checking=release --enable-multilib --with-system-zlib --enable-__cxa_atexit --disable-libunwind-exceptions --enable-gnu-unique-object --enable-linker-build-id --with-gcc-major-version-only --with-linker-hash-style=gnu --enable-plugin --enable-initfini-array --with-isl --enable-libmpx --enable-offload-targets=nvptx-none --without-cuda-driver --enable-gnu-indirect-function --with-tune=generic --with-arch_32=i686 --build=x86_64-redhat-linux
Thread model: posix
gcc version 7.1.1 20170622 (Red Hat 7.1.1-3) (GCC) 
configure:2725: $? = 0
configure:2714: gcc -V >&5
gcc: error: unrecognized command line option '-V'
gcc: fatal error: no input files
compilation terminated.
configure:2725: $? = 1
configure:2714: gcc -qversion >&5
gcc: error: unrecognized command line option '-qversion'; did you mean '--version'?
gcc: fatal error: no input files
compilation terminated.
configure:2725: $? = 1
configure:2745: checking whether the C compiler works
configure:2767: gcc    conftest.c  >&5
configure:2771: $? = 0
configure:2819: result: yes
configure:2822: checking for C compiler default output file name
configure:2824: result: a.out
configure:2830: checking for suffix of executables
configure:2837: gcc -o conftest    conftest.c  >&5
configure:2841: $? = 0
configure:2863: result: 
configure:2885: checking whether we are cross compiling
configure:2893: gcc -o conftest    conftest.c  >&5
configure:2897: $? = 0
configure:2904: ./conftest
configure:2908: $? = 0
configure:2923: result: no
configure:2928: checking for suffix of object files
configure:2950: gcc -c   conftest.c >&5
configure:2954: $? = 0
configure:2975: result: o
configure:2979: checking whether we are using the GNU C compiler
configure:2998: gcc -c   conftest.c >&5
configure:2998: $? = 0
configure:3007: result: yes
configure:3016: checking whether gcc accepts -g
configure:3036: gcc -c -g  conftest.c >&5
configure:3036: $? = 0
configure:3077: result: yes
configure:3094: checking for gcc option to accept ISO C89
configure:3157: gcc  -c -g -O2  conftest.c >&5
configure:3157: $? = 0
configure:3170: result: none needed
configure:3195: checking whether gcc understands -c and -o together
configure:3217: gcc -c conftest.c -o conftest2.o
configure:3220: $? = 0
configure:3217: gcc -c conftest.c -o conftest2.o
configure:3220: $? = 0
configure:3232: result: yes
configure:3260: checking for style of include used by make
configure:3288: result: GNU
configure:3314: checking dependency style of gcc
configure:3425: result: gcc3
configure:3444: checking build system type
configure:3458: result: x86_64-pc-linux-gnu
configure:3591: checking that generated files are newer than configure
configure:3597: result: done
configure:3620: creating ./config.status

## ---------------- ##
## Cache variables. ##
## ---------------- ##

ac_cv_build=x86_64-pc-linux-gnu
ac_cv_c_compiler_gnu=yes
ac_cv_env_CC_set=
ac_cv_env_CC_value=
ac_cv_env_CFLAGS_set=
ac_cv_env_CFLAGS_value=
ac_cv_env_CPPFLAGS_set=
ac_cv_env_CPPFLAGS_value=
ac_cv_env_LDFLAGS_set=
ac_cv_env_LDFLAGS_value=
ac_cv_env_LIBS_set=
ac_cv_env_LIBS_value=
ac_cv_env_build_alias_set=
ac_cv_env_build_alias_value=
ac_cv_env_host_alias_set=
ac_cv_env_host_alias_value=
ac_cv_env_target_alias_set=
ac_cv_env_target_alias_value=
ac_cv_objext=o
ac_cv_path_install='/usr/bin/install -c'
ac_cv_path_mkdir=/usr/bin/mkdir
ac_cv_prog_AWK=gawk
ac_cv_prog_ac_ct_CC=gcc
ac_cv_prog_cc_c89=
ac_cv_prog_cc_g=yes
ac_cv_prog_make_make_set=yes
am_cv_CC_dependencies_compiler_type=gcc3
am_cv_make_support_nested_variables=yes
am_cv_prog_cc_c_o=yes

## ----------------- ##
## Output variables. ##
## ----------------- ##

ACLOCAL='${SHELL} /root/noteGit/gnu/automake/autoreconf/missing aclocal-1.15'
AMDEPBACKSLASH='\'
AMDEP_FALSE='#'
AMDEP_TRUE=''
AMTAR='$${TAR-tar}'
AM_BACKSLASH='\'
AM_DEFAULT_V='$(AM_DEFAULT_VERBOSITY)'
AM_DEFAULT_VERBOSITY='1'
AM_V='$(V)'
AUTOCONF='${SHELL} /root/noteGit/gnu/automake/autoreconf/missing autoconf'
AUTOHEADER='${SHELL} /root/noteGit/gnu/automake/autoreconf/missing autoheader'
AUTOMAKE='${SHELL} /root/noteGit/gnu/automake/autoreconf/missing automake-1.15'
AWK='gawk'
CC='gcc'
CCDEPMODE='depmode=gcc3'
CFLAGS='-g -O2'
CPPFLAGS=''
CYGPATH_W='echo'
DEFS='-DHAVE_CONFIG_H'
DEPDIR='.deps'
ECHO_C=''
ECHO_N='-n'
ECHO_T=''
EXEEXT=''
INSTALL_DATA='${INSTALL} -m 644'
INSTALL_PROGRAM='${INSTALL}'
INSTALL_SCRIPT='${INSTALL}'
INSTALL_STRIP_PROGRAM='$(install_sh) -c -s'
LDFLAGS=''
LIBOBJS=''
LIBS=''
LTLIBOBJS=''
MAKEINFO='${SHELL} /root/noteGit/gnu/automake/autoreconf/missing makeinfo'
MKDIR_P='/usr/bin/mkdir -p'
OBJEXT='o'
PACKAGE='hello'
PACKAGE_BUGREPORT='bug-automake@gnu.org'
PACKAGE_NAME='hello'
PACKAGE_STRING='hello 2.0'
PACKAGE_TARNAME='hello'
PACKAGE_URL=''
PACKAGE_VERSION='2.0'
PATH_SEPARATOR=':'
SET_MAKE=''
SHELL='/bin/sh'
STRIP=''
VERSION='2.0'
ac_ct_CC='gcc'
am__EXEEXT_FALSE=''
am__EXEEXT_TRUE='#'
am__fastdepCC_FALSE='#'
am__fastdepCC_TRUE=''
am__include='include'
am__isrc=''
am__leading_dot='.'
am__nodep='_no'
am__quote=''
am__tar='$${TAR-tar} chof - "$$tardir"'
am__untar='$${TAR-tar} xf -'
bindir='${exec_prefix}/bin'
build='x86_64-pc-linux-gnu'
build_alias=''
build_cpu='x86_64'
build_os='linux-gnu'
build_vendor='pc'
datadir='${datarootdir}'
datarootdir='${prefix}/share'
docdir='${datarootdir}/doc/${PACKAGE_TARNAME}'
dvidir='${docdir}'
exec_prefix='${prefix}'
host_alias=''
htmldir='${docdir}'
includedir='${prefix}/include'
infodir='${datarootdir}/info'
install_sh='${SHELL} /root/noteGit/gnu/automake/autoreconf/install-sh'
libdir='${exec_prefix}/lib'
libexecdir='${exec_prefix}/libexec'
localedir='${datarootdir}/locale'
localstatedir='${prefix}/var'
mandir='${datarootdir}/man'
mkdir_p='$(MKDIR_P)'
oldincludedir='/usr/include'
pdfdir='${docdir}'
prefix='/root/noteGit/gnu/automake/autoreconf/pInstall'
program_transform_name='s,x,x,'
psdir='${docdir}'
sbindir='${exec_prefix}/sbin'
sharedstatedir='${prefix}/com'
sysconfdir='${prefix}/etc'
target_alias=''

## ----------- ##
## confdefs.h. ##
## ----------- ##

/* confdefs.h */
#define PACKAGE_NAME "hello"
#define PACKAGE_TARNAME "hello"
#define PACKAGE_VERSION "2.0"
#define PACKAGE_STRING "hello 2.0"
#define PACKAGE_BUGREPORT "bug-automake@gnu.org"
#define PACKAGE_URL ""
#define PACKAGE "hello"
#define VERSION "2.0"

configure: exit 0

## ---------------------- ##
## Running config.status. ##
## ---------------------- ##

This file was extended by hello config.status 2.0, which was
generated by GNU Autoconf 2.69.  Invocation command line was

  CONFIG_FILES    = 
  CONFIG_HEADERS  = 
  CONFIG_LINKS    = 
  CONFIG_COMMANDS = 
  $ ./config.status 

on rowanInspur

config.status:844: creating Makefile
config.status:844: creating src/Makefile
config.status:844: creating config.h
config.status:1073: executing depfiles commands

## ---------------------- ##
## Running config.status. ##
## ---------------------- ##

This file was extended by hello config.status 2.0, which was
generated by GNU Autoconf 2.69.  Invocation command line was

  CONFIG_FILES    = 
  CONFIG_HEADERS  = 
  CONFIG_LINKS    = 
  CONFIG_COMMANDS = 
  $ ./config.status config.h

on rowanInspur

config.status:844: creating config.h
config.status:1025: config.h is unchanged
